<?xml version="1.0" encoding="utf-8"?><testsuites name="pytest tests"><testsuite name="pytest" errors="0" failures="0" skipped="0" tests="16" time="2.634" timestamp="2026-05-21T17:14:56.766067+00:00" hostname="agent-env-c3500812-5c34-4c72-a375-192a86d37fd7"><testcase classname="backend.tests.test_cursor_ing_api.TestHealthEndpoint" name="test_health_returns_ok" time="0.205" /><testcase classname="backend.tests.test_cursor_ing_api.TestAgentsEndpoint" name="test_get_agents_returns_5_agents" time="0.184" /><testcase classname="backend.tests.test_cursor_ing_api.TestAgentsEndpoint" name="test_agents_have_correct_ids" time="0.196" /><testcase classname="backend.tests.test_cursor_ing_api.TestAgentsEndpoint" name="test_get_single_agent" time="0.136" /><testcase classname="backend.tests.test_cursor_ing_api.TestPlansEndpoint" name="test_get_plans_returns_plan_with_steps" time="0.137" /><testcase classname="backend.tests.test_cursor_ing_api.TestPlansEndpoint" name="test_plan_has_correct_structure" time="0.122" /><testcase classname="backend.tests.test_cursor_ing_api.TestActivityEndpoint" name="test_get_activity_returns_18_entries" time="0.132" /><testcase classname="backend.tests.test_cursor_ing_api.TestActivityEndpoint" name="test_activity_entries_have_required_fields" time="0.238" /><testcase classname="backend.tests.test_cursor_ing_api.TestDiffEndpoint" name="test_get_diff_returns_diff_with_hunks" time="0.127" /><testcase classname="backend.tests.test_cursor_ing_api.TestProvidersEndpoint" name="test_get_providers_returns_5_providers" time="0.142" /><testcase classname="backend.tests.test_cursor_ing_api.TestComposerChatEndpoint" name="test_chat_with_plan_keyword" time="0.147" /><testcase classname="backend.tests.test_cursor_ing_api.TestComposerChatEndpoint" name="test_chat_with_code_keyword" time="0.124" /><testcase classname="backend.tests.test_cursor_ing_api.TestComposerChatEndpoint" name="test_chat_with_security_keyword" time="0.115" /><testcase classname="backend.tests.test_cursor_ing_api.TestComposerChatEndpoint" name="test_chat_default_response" time="0.151" /><testcase classname="backend.tests.test_cursor_ing_api.TestScaffoldValidateEndpoint" name="test_scaffold_validate_passes" time="0.212" /><testcase classname="backend.tests.test_cursor_ing_api.TestStatsEndpoint" name="test_get_stats" time="0.188" /></testsuite></testsuites>