### ISSUE TITLE
vscode works under wayland but vscodium fails

### ISSUE THREAD

**Issue by oniGino** [VSCodium/vscodium#1751]
**Describe the bug**

**Please confirm that this problem is VSCodium-specific**
- [X] This bug doesn't happen if I use Microsoft's Visual Studio Code. It only happens in VSCodium.

**Please confirm that the issue/resolution isn't already documented**
- [X] I checked [the Docs page](https://github.com/VSCodium/vscodium/blob/master/docs/index.md) and [the Troubleshooting page](https://github.com/VSCodium/vscodium/blob/master/docs/troubleshooting.md) and my issue is not mentioned there.

vscode runs without issues on my system under wayland, but vscodium fails

```
vscodium --enable-features=UseOzonePlatform --ozone-platform=wayland --verbose
Warning: 'enable-features' is not in the list of known options, but still passed to Electron/Chromium.
Warning: 'ozone-platform' is not in the list of known options, but still passed to Electron/Chromium.
[54957:1207/192706.410156:WARNING:wayland_object.cc(157)] Binding to zwp_linux_dmabuf_v1 version 3 but version 4 is available.
[54957:1207/192706.410290:WARNING:wayland_object.cc(157)] Binding to zwp_pointer_gestures_v1 version 1 but version 3 is available.
[54957:1207/192706.497969:WARNING:bluez_dbus_manager.cc(247)] Floss manager not present, cannot set Floss enable/disable.
[54999:1207/192706.558909:WARNING:sandbox_linux.cc(393)] InitializeSandbox() called with multiple threads in process gpu-process.
[main 2023-12-08T03:27:06.625Z] [File Watcher (node.js)] Request to start watching: /home/xxx/.config/VSCodium/User (excludes: <none>, includes: <all>, correlationId: <none>),/home/xxx/.config/VSCodium/User/settings.json (excludes: <none>, includes: <all>, correlationId: <none>)
[main 2023-12-08T03:27:06.640Z] Starting VSCodium
[main 2023-12-08T03:27:06.640Z] from: /opt/vscodium/resources/app
[main 2023-12-08T03:27:06.641Z] args: {
  _: [],
  diff: false,
  merge: false,
  add: false,
  goto: false,
  'new-window': false,
  'reuse-window': false,
  wait: false,
  help: false,
  'list-extensions': false,
  'show-versions': false,
  'pre-release': false,
  version: false,
  verbose: true,
  status: false,
  'prof-startup': false,
  'no-cached-data': false,
  'prof-v8-extensions': false,
  'disable-extensions': false,
  'disable-gpu': false,
  'disable-chromium-sandbox': false,
  'ms-enable-electron-run-as-node': true,
  telemetry: false,
  debugRenderer: false,
  'enable-smoke-test-driver': false,
  logExtensionHostCommunication: false,
  'skip-release-notes': false,
  'skip-welcome': false,
  'disable-telemetry': false,
  'disable-updates': false,
  'use-inmemory-secretstorage': false,
  'disable-workspace-trust': false,
  'disable-crash-reporter': false,
  'skip-add-to-recently-opened': false,
  'unity-launch': false,
  'open-url': false,
  'file-write': false,
  'file-chmod': false,
  force: false,
  'do-not-sync': false,
  trace: false,
  'force-user-env': false,
  'force-disable-user-env': false,
  'open-devtools': false,
  'disable-gpu-sandbox': false,
  '__enable-file-policy': false,
  'enable-coi': false,
  'no-proxy-server': false,
  'no-sandbox': false,
  nolazy: false,
  'force-renderer-accessibility': false,
  'ignore-certificate-errors': false,
  'allow-insecure-localhost': false,
  'disable-dev-shm-usage': false,
  'profile-temp': false,
  logsPath: '/home/xxx/.config/VSCodium/logs/20231207T192706'
}
[main 2023-12-08T03:27:06.643Z] Resolving machine identifier...
[main 2023-12-08T03:27:06.643Z] Resolved machine identifier: a735700d71d529179134bac342384bc0f767e70f349a95db689c44d70fa83616
[main 2023-12-08T03:27:06.644Z] Main->SharedProcess#connect
[main 2023-12-08T03:27:06.649Z] [File Watcher (node.js)] Started watching: '/home/xxx/.config/VSCodium/User'
[main 2023-12-08T03:27:06.649Z] [File Watcher (node.js)] Error: ENOENT: no such file or directory, stat '/home/xxx/.config/VSCodium/User/settings.json'
[main 2023-12-08T03:27:06.651Z] StorageMainService: creating application storage
[main 2023-12-08T03:27:06.656Z] ElectronURLListener: waiting for window to be ready to handle URLs...
[main 2023-12-08T03:27:06.657Z] lifecycle (main): phase changed (value: 2)
[main 2023-12-08T03:27:06.657Z] windowsManager#open
[main 2023-12-08T03:27:06.658Z] windowsManager#open pathsToOpen [
  {
    backupPath: '/home/xxx/.config/VSCodium/Backups/1702005898655',
    remoteAuthority: undefined
  }
]
[main 2023-12-08T03:27:06.658Z] windowsManager#doOpenEmpty {
  restore: true,
  remoteAuthority: undefined,
  filesToOpen: undefined,
  forceNewWindow: true
}
[main 2023-12-08T03:27:06.660Z] IPC Object URL: Registered new channel vscode:0d433f07-3c3f-470c-820c-8977738e8aab.
[main 2023-12-08T03:27:06.660Z] window#validateWindowState: validating window state on 1 display(s) { mode: 0, x: 448, y: 156, width: 1024, height: 768 }
[main 2023-12-08T03:27:06.661Z] window#validateWindowState: 1 monitor working area { x: 0, y: 0, width: 1920, height: 1080 }
[main 2023-12-08T03:27:06.661Z] window#ctor: using window state { mode: 0, x: 448, y: 156, width: 1024, height: 768 }
[54957:1207/192706.671301:WARNING:wayland_surface.cc(165)] Server doesn't support zcr_alpha_compositing_v1.
[54957:1207/192706.671313:WARNING:wayland_surface.cc(180)] Server doesn't support overlay_prioritizer.
[54957:1207/192706.671317:WARNING:wayland_surface.cc(194)] Server doesn't support surface_augmenter.
[54957:1207/192706.671320:WARNING:wayland_surface.cc(209)] Server doesn't support wp_content_type_v1
[54957:1207/192706.671323:WARNING:wayland_surface.cc(228)] Server doesn't support zcr_color_management_surface.
[main 2023-12-08T03:27:06.693Z] window#load: attempt to load window (id: 1)
[main 2023-12-08T03:27:06.700Z] windowsManager#open used window count 1 (workspacesToOpen: 0, foldersToOpen: 0, emptyToRestore: 1, emptyToOpen: 0)
[main 2023-12-08T03:27:06.700Z] lifecycle (main): phase changed (value: 3)
[main 2023-12-08T03:27:06.701Z] resolveShellEnv(): skipped (VSCODE_CLI is set)
[main 2023-12-08T03:27:06.701Z] update#setState disabled
[main 2023-12-08T03:27:06.701Z] update#ctor - updates are disabled as there is no update URL
[main 2023-12-08T03:27:06.741Z] resolveShellEnv(): skipped (VSCODE_CLI is set)
```

here is the same attempt without the arguments
```
 vscodium --verbose
[54341:1207/192527.777374:WARNING:bluez_dbus_manager.cc(247)] Floss manager not present, cannot set Floss enable/disable.
[54369:1207/192527.854087:WARNING:sandbox_linux.cc(393)] InitializeSandbox() called with multiple threads in process gpu-process.
[main 2023-12-08T03:25:27.888Z] [File Watcher (node.js)] Request to start watching: /home/xxx/.config/VSCodium/User (excludes: <none>, includes: <all>, correlationId: <none>),/home/xxx/.config/VSCodium/User/settings.json (excludes: <none>, includes: <all>, correlationId: <none>)
[main 2023-12-08T03:25:27.904Z] Starting VSCodium
[main 2023-12-08T03:25:27.904Z] from: /opt/vscodium/resources/app
[main 2023-12-08T03:25:27.904Z] args: {
  _: [],
  diff: false,
  merge: false,
  add: false,
  goto: false,
  'new-window': false,
  'reuse-window': false,
  wait: false,
  help: false,
  'list-extensions': false,
  'show-versions': false,
  'pre-release': false,
  version: false,
  verbose: true,
  status: false,
  'prof-startup': false,
  'no-cached-data': false,
  'prof-v8-extensions': false,
  'disable-extensions': false,
  'disable-gpu': false,
  'disable-chromium-sandbox': false,
  'ms-enable-electron-run-as-node': true,
  telemetry: false,
  debugRenderer: false,
  'enable-smoke-test-driver': false,
  logExtensionHostCommunication: false,
  'skip-release-notes': false,
  'skip-welcome': false,
  'disable-telemetry': false,
  'disable-updates': false,
  'use-inmemory-secretstorage': false,
  'disable-workspace-trust': false,
  'disable-crash-reporter': false,
  'skip-add-to-recently-opened': false,
  'unity-launch': false,
  'open-url': false,
  'file-write': false,
  'file-chmod': false,
  force: false,
  'do-not-sync': false,
  trace: false,
  'force-user-env': false,
  'force-disable-user-env': false,
  'open-devtools': false,
  'disable-gpu-sandbox': false,
  '__enable-file-policy': false,
  'enable-coi': false,
  'no-proxy-server': false,
  'no-sandbox': false,
  nolazy: false,
  'force-renderer-accessibility': false,
  'ignore-certificate-errors': false,
  'allow-insecure-localhost': false,
  'disable-dev-shm-usage': false,
  'profile-temp': false,
  logsPath: '/home/xxx/.config/VSCodium/logs/20231207T192527'
}
[main 2023-12-08T03:25:27.906Z] Resolving machine identifier...
[main 2023-12-08T03:25:27.906Z] Resolved machine identifier: a735700d71d529179134bac342384bc0f767e70f349a95db689c44d70fa83616
[main 2023-12-08T03:25:27.907Z] Main->SharedProcess#connect
[main 2023-12-08T03:25:27.912Z] [File Watcher (node.js)] Started watching: '/home/xxx/.config/VSCodium/User'
[main 2023-12-08T03:25:27.912Z] [File Watcher (node.js)] Error: ENOENT: no such file or directory, stat '/home/xxx/.config/VSCodium/User/settings.json'
[main 2023-12-08T03:25:27.914Z] StorageMainService: creating application storage
[main 2023-12-08T03:25:27.920Z] ElectronURLListener: waiting for window to be ready to handle URLs...
[main 2023-12-08T03:25:27.920Z] lifecycle (main): phase changed (value: 2)
[main 2023-12-08T03:25:27.921Z] windowsManager#open
[main 2023-12-08T03:25:27.922Z] windowsManager#open pathsToOpen [
  {
    backupPath: '/home/xxx/.config/VSCodium/Backups/1702005898655',
    remoteAuthority: undefined
  }
]
[main 2023-12-08T03:25:27.923Z] windowsManager#doOpenEmpty {
  restore: true,
  remoteAuthority: undefined,
  filesToOpen: undefined,
  forceNewWindow: true
}
[main 2023-12-08T03:25:27.925Z] IPC Object URL: Registered new channel vscode:eeceeb8f-1be4-42b5-bf8b-f74cb9f5c1ed.
[main 2023-12-08T03:25:27.925Z] window#validateWindowState: validating window state on 1 display(s) { mode: 0, x: 448, y: 156, width: 1024, height: 768 }
[main 2023-12-08T03:25:27.925Z] window#validateWindowState: 1 monitor working area { x: 0, y: 0, width: 1920, height: 1080 }
[main 2023-12-08T03:25:27.925Z] window#ctor: using window state { mode: 0, x: 448, y: 156, width: 1024, height: 768 }
[main 2023-12-08T03:25:27.974Z] window#load: attempt to load window (id: 1)
[main 2023-12-08T03:25:27.982Z] windowsManager#open used window count 1 (workspacesToOpen: 0, foldersToOpen: 0, emptyToRestore: 1, emptyToOpen: 0)
[main 2023-12-08T03:25:27.983Z] lifecycle (main): phase changed (value: 3)
[main 2023-12-08T03:25:27.983Z] resolveShellEnv(): skipped (VSCODE_CLI is set)
[main 2023-12-08T03:25:27.983Z] update#setState disabled
[main 2023-12-08T03:25:27.983Z] update#ctor - updates are disabled as there is no update URL
[main 2023-12-08T03:25:28.023Z] resolveShellEnv(): skipped (VSCODE_CLI is set)
[54341:1207/192528.765407:INFO:CONSOLE(645)] "%cTRACE color: #888 workbench#open(): with configuration {"_":[],"diff":false,"merge":false,"add":false,"goto":false,"new-window":false,"reuse-window":false,"wait":false,"help":false,"list-extensions":false,"show-versions":false,"pre-release":false,"version":false,"verbose":true,"status":false,"prof-startup":false,"no-cached-data":false,"prof-v8-extensions":false,"disable-extensions":false,"disable-gpu":false,"disable-chromium-sandbox":false,"ms-enable-electron-run-as-node":true,"telemetry":false,"debugRenderer":false,"enable-smoke-test-driver":false,"logExtensionHostCommunication":false,"skip-release-notes":false,"skip-welcome":false,"disable-telemetry":false,"disable-updates":false,"use-inmemory-secretstorage":false,"disable-workspace-trust":false,"disable-crash-reporter":false,"skip-add-to-recently-opened":false,"unity-launch":false,"open-url":false,"file-write":false,"file-chmod":false,"force":false,"do-not-sync":false,"trace":false,"force-user-env":false,"force-disable-user-env":false,"open-devtools":false,"disable-gpu-sandbox":false,"__enable-file-policy":false,"enable-coi":false,"no-proxy-server":false,"no-sandbox":false,"nolazy":false,"force-renderer-accessibility":false,"ignore-certificate-errors":false,"allow-insecure-localhost":false,"disable-dev-shm-usage":false,"profile-temp":false,"logsPath":"/home/xxx/.config/VSCodium/logs/20231207T192527","machineId":"a735700d71d529179134bac342384bc0f767e70f349a95db689c44d70fa83616","sqmId":"","windowId":1,"mainPid":54341,"appRoot":"/opt/vscodium/resources/app","execPath":"/opt/vscodium/codium","codeCachePath":"/home/xxx/.config/VSCodium/CachedData/1fc52b725b3f76b97eadfd988cea42a739ae923f","backupPath":"/home/xxx/.config/VSCodium/Backups/1702005898655","profiles":{"home":{"scheme":"vscode-userdata","authority":"","path":"/home/xxx/.config/VSCodium/User/profiles","query":"","fragment":"","_formatted":null,"_fsPath":null},"all":[{"id":"__default__profile__","name":"Default","location":{"scheme":"vscode-userdata","authority":"","path":"/home/xxx/.config/VSCodium/User","query":"","fragment":"","_formatted":null,"_fsPath":null},"isDefault":true,"globalStorageHome":{"scheme":"vscode-userdata","authority":"","path":"/home/xxx/.config/VSCodium/User/globalStorage","query":"","fragment":"","_formatted":null,"_fsPath":null},"settingsResource":{"scheme":"vscode-userdata","authority":"","path":"/home/xxx/.config/VSCodium/User/settings.json","query":"","fragment":"","_formatted":null,"_fsPath":null},"keybindingsResource":{"scheme":"vscode-userdata","authority":"","path":"/home/xxx/.config/VSCodium/User/keybindings.json","query":"","fragment":"","_formatted":null,"_fsPath":null},"tasksResource":{"scheme":"vscode-userdata","authority":"","path":"/home/xxx/.config/VSCodium/User/tasks.json","query":"","fragment":"","_formatted":null,"_fsPath":null},"snippetsHome":{"scheme":"vscode-userdata","authority":"","path":"/home/xxx/.config/VSCodium/User/snippets","query":"","fragment":"","_formatted":null,"_fsPath":null},"extensionsResource":{"scheme":"vscode-userdata","authority":"","path":"/home/xxx/.vscode-oss/extensions/extensions.json","query":"","fragment":"","_formatted":null,"_fsPath":null},"cacheHome":{"scheme":"file","authority":"","path":"/home/xxx/.config/VSCodium/CachedProfilesData/__default__profile__","query":"","fragment":"","_formatted":null,"_fsPath":null}}],"profile":"[Circular]"},"homeDir":"/home/xxx","tmpDir":"/tmp","userDataDir":"/home/xxx/.config/VSCodium","userEnv":{"VSCODE_IPC_HOOK":"/run/user/1000/vscode-377966ca-1.84-main.sock","VSCODE_NLS_CONFIG":"{\"locale\":\"en-us\",\"osLocale\":\"en-us\",\"availableLanguages\":{},\"_languagePackSupport\":true}"},"logLevel":1,"loggers":{"window":[],"global":[{"resource":{"scheme":"file","authority":"","path":"/home/xxx/.config/VSCodium/logs/20231207T192527/main.log","query":"","fragment":"","_formatted":"file:///home/xxx/.config/VSCodium/logs/20231207T192527/main.log","_fsPath":"/home/xxx/.config/VSCodium/logs/20231207T192527/main.log"},"id":"main","name":"Main"}]},"product":{"nameShort":"VSCodium","nameLong":"VSCodium","applicationName":"codium","dataFolderName":".vscode-oss","win32MutexName":"vscodium","licenseName":"MIT","licenseUrl":"https://github.com/VSCodium/vscodium/blob/master/LICENSE","serverLicenseUrl":"https://github.com/microsoft/vscode/blob/main/LICENSE.txt","serverGreeting":[],"serverLicense":[],"serverLicensePrompt":"","serverApplicationName":"codium-server","serverDataFolderName":".vscodium-server","tunnelApplicationName":"code-tunnel-oss","win32DirName":"VSCodium","win32NameVersion":"VSCodium","win32RegValueName":"VSCodium","win32x64AppId":"{{88DA3577-054F-4CA1-8122-7D820494CFFB}","win32arm64AppId":"{{67DEE444-3D04-4258-B92A-BC1F0FF2CAE4}","win32x64UserAppId":"{{2E1F05D1-C245-4562-81EE-28188DB6FD17}","win32arm64UserAppId":"{{57FD70A5-1B8D-4875-9F40-C5553F094828}","win32AppUserModelId":"VSCodium.VSCodium","win32ShellNameShort":"VSCodium","win32TunnelServiceMutex":"vscodeoss-tunnelservice","win32TunnelMutex":"vscodeoss-tunnel","darwinBundleIdentifier":"com.vscodium","linuxIconName":"vscodium","licenseFileName":"LICENSE.txt","reportIssueUrl":"https://github.com/VSCodium/vscodium/issues/new","nodejsRepository":"https://nodejs.org","urlProtocol":"vscodium","webviewContentExternalBaseUrlTemplate":"https://{{uuid}}.vscode-cdn.net/insider/ef65ac1ba57f57f2a3961bfe94aa20481caca4c6/out/vs/workbench/contrib/webview/browser/pre/","builtInExtensions":[{"name":"ms-vscode.js-debug-companion","version":"1.1.2","sha256":"e034b8b41beb4e97e02c70f7175bd88abe66048374c2bd629f54bb33354bc2aa","repo":"https://github.com/microsoft/vscode-js-debug-companion","metadata":{"id":"99cb0b7f-7354-4278-b8da-6cc79972169d","publisherId":{"publisherId":"5f5636e7-69ed-4afe-b5d6-8d231fb3d3ee","publisherName":"ms-vscode","displayName":"Microsoft","flags":"verified"},"publisherDisplayName":"Microsoft"}},{"name":"ms-vscode.js-debug","version":"1.84.0","sha256":"a57691eb4440e549edba7472c0313e94f24d46ebe1ede18784b552fc5d11e596","repo":"https://github.com/microsoft/vscode-js-debug","metadata":{"id":"25629058-ddac-4e17-abba-74678e126c5d","publisherId":{"publisherId":"5f5636e7-69ed-4afe-b5d6-8d231fb3d3ee","publisherName":"ms-vscode","displayName":"Microsoft","flags":"verified"},"publisherDisplayName":"Microsoft"}},{"name":"ms-vscode.vscode-js-profile-table","version":"1.0.3","sha256":"b9dab017506d9e6a469a0f82b392e4cb1d7a25a4843f1db8ba396cbee209cfc5","repo":"https://github.com/microsoft/vscode-js-profile-visualizer","metadata":{"id":"7e52b41b-71ad-457b-ab7e-0620f1fc4feb","publisherId":{"publisherId":"5f5636e7-69ed-4afe-b5d6-8d231fb3d3ee","publisherName":"ms-vscode","displayName":"Microsoft","flags":"verified"},"publisherDisplayName":"Microsoft"}}],"checksumFailMoreInfoUrl":"https://go.microsoft.com/fwlink/?LinkId=828886","documentationUrl":"https://go.microsoft.com/fwlink/?LinkID=533484#vscode","extensionsGallery":{"serviceUrl":"https://open-vsx.org/vscode/gallery","itemUrl":"https://open-vsx.org/vscode/item"},"introductoryVideosUrl":"https://go.microsoft.com/fwlink/?linkid=832146","keyboardShortcutsUrlLinux":"https://go.microsoft.com/fwlink/?linkid=832144","keyboardShortcutsUrlMac":"https://go.microsoft.com/fwlink/?linkid=832143","keyboardShortcutsUrlWin":"https://go.microsoft.com/fwlink/?linkid=832145","linkProtectionTrustedDomains":["https://open-vsx.org"],"releaseNotesUrl":"https://go.microsoft.com/fwlink/?LinkID=533483#vscode","requestFeatureUrl":"https://go.microsoft.com/fwlink/?LinkID=533482","tipsAndTricksUrl":"https://go.microsoft.com/fwlink/?linkid=852118","twitterUrl":"https://go.microsoft.com/fwlink/?LinkID=533687","quality":"stable","win32AppId":"{{763CBF88-25C6-4B10-952F-326AE657F16B}","win32UserAppId":"{{0FD05EB4-651E-4E78-A062-515204B47A3A}","extensionAllowedBadgeProviders":["api.bintray.com","api.travis-ci.com","api.travis-ci.org","app.fossa.io","badge.buildkite.com","badge.fury.io","badge.waffle.io","badgen.net","badges.frapsoft.com","badges.gitter.im","badges.greenkeeper.io","cdn.travis-ci.com","cdn.travis-ci.org","ci.appveyor.com","circleci.com","cla.opensource.microsoft.com","codacy.com","codeclimate.com","codecov.io","coveralls.io","david-dm.org","deepscan.io","dev.azure.com","docs.rs","flat.badgen.net","gemnasium.com","githost.io","gitlab.com","godoc.org","goreportcard.com","img.shields.io","isitmaintained.com","marketplace.visualstudio.com","nodesecurity.io","opencollective.com","snyk.io","travis-ci.com","travis-ci.org","visualstudio.com","vsmarketplacebadge.apphb.com","www.bithound.io","www.versioneye.com"],"extensionAllowedBadgeProvidersRegex":["^https:\\/\\/github\\.com\\/[^/]+\\/[^/]+\\/(actions\\/)?workflows\\/.*badge\\.svg"],"extensionEnabledApiProposals":{"ms-vscode.vscode-selfhost-test-provider":["testObserver"],"VisualStudioExptTeam.vscodeintellicode-completions":["inlineCompletionsAdditions"],"ms-vsliveshare.vsliveshare":["contribMenuBarHome","contribShareMenu","contribStatusBarItems","diffCommand","documentFiltersExclusive","fileSearchProvider","findTextInFiles","notebookCellExecutionState","notebookLiveShare","terminalDimensions","terminalDataWriteEvent","textSearchProvider"],"ms-vscode.js-debug":["portsAttributes","findTextInFiles","workspaceTrust","tunnels"],"ms-toolsai.vscode-ai-remote":["resolvers"],"ms-python.python":["contribEditorContentMenu","quickPickSortByLabel","portsAttributes","testObserver","quickPickItemTooltip","terminalDataWriteEvent","saveEditor"],"ms-dotnettools.dotnet-interactive-vscode":["notebookMessaging","languageConfigurationAutoClosingPairs"],"GitHub.codespaces":["contribEditSessions","contribMenuBarHome","contribRemoteHelp","contribViewsRemote","resolvers","tunnels","terminalDataWriteEvent","treeViewReveal","notebookKernelSource"],"ms-vscode.azure-repos":["extensionRuntime","fileSearchProvider","textSearchProvider"],"ms-vscode.remote-repositories":["canonicalUriProvider","contribEditSessions","contribRemoteHelp","contribMenuBarHome","contribViewsRemote","contribViewsWelcome","contribShareMenu","documentFiltersExclusive","editSessionIdentityProvider","extensionRuntime","fileSearchProvider","quickPickSortByLabel","workspaceTrust","shareProvider","scmActionButton","scmSelectedProvider","scmValidation","textSearchProvider","timeline"],"ms-vscode-remote.remote-wsl":["resolvers","contribRemoteHelp","contribViewsRemote","telemetry"],"ms-vscode-remote.remote-ssh":["resolvers","tunnels","terminalDataWriteEvent","contribRemoteHelp","contribViewsRemote","telemetry"],"ms-vscode.remote-server":["resolvers","tunnels","contribViewsWelcome"],"ms-vscode.remote-explorer":["contribRemoteHelp","contribViewsRemote","extensionsAny"],"ms-vscode-remote.remote-containers":["contribEditSessions","resolvers","tunnels","workspaceTrust","terminalDimensions","contribRemoteHelp","contribViewsRemote"],"ms-vscode.js-debug-nightly":["portsAttributes","findTextInFiles","workspaceTrust","tunnels"],"ms-vscode.lsif-browser":["documentFiltersExclusive"],"ms-vscode.vscode-speech":["speech"],"GitHub.vscode-pull-request-github":["contribCommentThreadAdditionalMenu","tokenInformation","contribShareMenu","fileComments","contribCommentPeekContext","codiconDecoration","diffCommand","contribCommentEditorActionsMenu","readonlyMessage","treeViewMarkdownMessage","shareProvider","quickDiffProvider"],"GitHub.copilot":["inlineCompletionsAdditions","interactive","interactiveUserActions","terminalDataWriteEvent"],"GitHub.copilot-nightly":["inlineCompletionsAdditions","interactive","interactiveUserActions","terminalDataWriteEvent"],"GitHub.copilot-chat":["handleIssueUri","interactive","interactiveUserActions","terminalDataWriteEvent","terminalExecuteCommandEvent","terminalSelection","terminalQuickFixProvider","chatProvider","chatVariables","chatAgents","chatAgents2","chatAgents2Additions","defaultChatAgent","readonlyMessage","mappedEditsProvider","aiRelatedInformation","codeActionAI","findTextInFiles","textSearchProvider"],"GitHub.remotehub":["contribRemoteHelp","contribMenuBarHome","contribViewsRemote","contribViewsWelcome","documentFiltersExclusive","extensionRuntime","fileSearchProvider","quickPickSortByLabel","workspaceTrust","scmSelectedProvider","scmValidation","textSearchProvider","timeline"],"ms-python.gather":["notebookCellExecutionState"],"ms-python.vscode-pylance":["notebookCellExecutionState"],"ms-python.debugpy":["portsAttributes"],"ms-toolsai.jupyter-renderers":["contribNotebookStaticPreloads"],"ms-toolsai.jupyter":["notebookDeprecated","notebookMessaging","notebookMime","notebookCellExecutionState","portsAttributes","quickPickSortByLabel","notebookKernelSource","interactiveWindow","notebookControllerAffinityHidden","contribNotebookStaticPreloads","quickPickItemTooltip","notebookExecution"],"dbaeumer.vscode-eslint":["notebookCellExecutionState"],"ms-vscode.azure-sphere-tools-ui":["tunnels"],"ms-azuretools.vscode-azureappservice":["terminalDataWriteEvent"],"ms-azuretools.vscode-azureresourcegroups":["authGetSessions"],"ms-vscode.anycode":["extensionsAny"],"ms-vscode.cpptools":["terminalDataWriteEvent"],"redhat.java":["documentPaste"],"ms-dotnettools.csdevkit":["inlineCompletionsAdditions"],"ms-dotnettools.vscodeintellicode-csharp":["inlineCompletionsAdditions"],"microsoft-IsvExpTools.powerplatform-vscode":["fileSearchProvider","textSearchProvider"],"microsoft-IsvExpTools.powerplatform-vscode-preview":["fileSearchProvider","textSearchProvider"],"jeanp413.open-remote-ssh":["resolvers","tunnels","terminalDataWriteEvent","contribRemoteHelp","contribViewsRemote"],"jeanp413.open-remote-wsl":["resolvers","contribRemoteHelp","contribViewsRemote"]},"extensionKind":{"Shan.code-settings-sync":["ui"],"shalldie.background":["ui"],"techer.open-in-browser":["ui"],"CoenraadS.bracket-pair-colorizer-2":["ui"],"CoenraadS.bracket-pair-colorizer":["ui","workspace"],"hiro-sun.vscode-emacs":["ui","workspace"],"hnw.vscode-auto-open-markdown-preview":["ui","workspace"],"wayou.vscode-todo-highlight":["ui","workspace"],"aaron-bond.better-comments":["ui","workspace"],"vscodevim.vim":["ui"],"ollyhayes.colmak-vim":["ui"]},"extensionPointExtensionKind":{"typescriptServerPlugins":["workspace"]},"extensionSyncedKeys":{"ritwickdey.liveserver":["liveServer.setup.version"]},"extensionVirtualWorkspacesSupport":{"esbenp.prettier-vscode":{"default":false},"msjsdiag.debugger-for-chrome":{"default":false},"redhat.java":{"default":false},"HookyQR.beautify":{"default":false},"ritwickdey.LiveServer":{"default":false},"VisualStudioExptTeam.vscodeintellicode":{"default":false},"octref.vetur":{"default":false},"formulahendry.code-runner":{"default":false},"xdebug.php-debug":{"default":false},"ms-mssql.mssql":{"default":false},"christian-kohler.path-intellisense":{"default":false},"eg2.tslint":{"default":false},"eg2.vscode-npm-script":{"default":false},"donjayamanne.githistory":{"default":false},"Zignd.html-css-class-completion":{"default":false},"christian-kohler.npm-intellisense":{"default":false},"EditorConfig.EditorConfig":{"default":false},"austin.code-gnu-global":{"default":false},"johnpapa.Angular2":{"default":false},"ms-vscode.vscode-typescript-tslint-plugin":{"default":false},"DotJoshJohnson.xml":{"default":false},"techer.open-in-browser":{"default":false},"tht13.python":{"default":false},"bmewburn.vscode-intelephense-client":{"default":false},"Angular.ng-template":{"default":false},"xdebug.php-pack":{"default":false},"dbaeumer.jshint":{"default":false},"yzhang.markdown-all-in-one":{"default":false},"Dart-Code.flutter":{"default":false},"streetsidesoftware.code-spell-checker":{"default":false},"rebornix.Ruby":{"default":false},"ms-vscode.sublime-keybindings":{"default":false},"mitaki28.vscode-clang":{"default":false},"steoates.autoimport":{"default":false},"donjayamanne.python-extension-pack":{"default":false},"shd101wyy.markdown-preview-enhanced":{"default":false},"mikestead.dotenv":{"default":false},"pranaygp.vscode-css-peek":{"default":false},"ikappas.phpcs":{"default":false},"platformio.platformio-ide":{"default":false},"jchannon.csharpextensions":{"default":false},"gruntfuggly.todo-tree":{"default":false}},"commit":"1fc52b725b3f76b97eadfd988cea42a739ae923f","date":"2023-11-15T21:57:44.436Z","checksums":{"vs/base/parts/sandbox/electron-sandbox/preload.js":"66iYgC1icMqSOnJMUo3xEQ","vs/workbench/workbench.desktop.main.js":"K/Zpw+kP9Y89HG1lauMsDA","vs/workbench/workbench.desktop.main.css":"YkGJy0ghDNdDgqZ4vc/QNA","vs/workbench/api/node/extensionHostProcess.js":"edbjDA2Zrxw1AOUGK3rZRg","vs/code/electron-sandbox/workbench/workbench.html":"Nei/i2NoxE9Pdo7ZULeFgA","vs/code/electron-sandbox/workbench/workbench.js":"TXgfON6UComBkMwSYvp5kQ"},"version":"1.84.2","release":"23319"},"isInitialStartup":true,"perfMarks":[{"name":"code/timeOrigin","startTime":1702005927631.205},{"name":"code/didStartMain","startTime":1702005927744},{"name":"code/willStartCrashReporter","startTime":1702005927750},{"name":"code/didStartCrashReporter","startTime":1702005927750},{"name":"code/mainAppReady","startTime":1702005927774},{"name":"code/willGenerateNls","startTime":1702005927775},{"name":"code/willLoadMainBundle","startTime":1702005927778},{"name":"code/fork/willLoadCode","startTime":1702005927788},{"name":"code/registerFilesystem/file","startTime":1702005927875},{"name":"code/registerFilesystem/vscode-userdata","startTime":1702005927877},{"name":"code/didLoadMainBundle","startTime":1702005927882},{"name":"code/willStartMainServer","startTime":1702005927895},{"name":"code/willStartMainServer","startTime":1702005927897},{"name":"code/didStartMainServer","startTime":1702005927897},{"name":"code/willCreateCodeWindow","startTime":1702005927924},{"name":"code/willRestoreCodeWindowState","startTime":1702005927925},{"name":"code/didRestoreCodeWindowState","startTime":1702005927925},{"name":"code/willCreateCodeBrowserWindow","startTime":1702005927926},{"name":"code/didCreateCodeBrowserWindow","startTime":1702005927968},{"name":"code/willMaximizeCodeWindow","startTime":1702005927968},{"name":"code/didMaximizeCodeWindow","startTime":1702005927972},{"name":"code/didCreateCodeWindow","startTime":1702005927972},{"name":"code/willOpenNewWindow","startTime":1702005927975}],"os":{"release":"6.1.57-gentoo.custom","hostname":"Soap","arch":"x64"},"autoDetectHighContrast":true,"autoDetectColorScheme":false,"accessibilitySupport":false,"colorScheme":{"dark":true,"highContrast":false},"fullscreen":false,"maximized":true}", source: vscode-file://vscode-app/opt/vscodium/resources/app/out/vs/workbench/workbench.desktop.main.js (645)
[54341:1207/192528.765526:INFO:CONSOLE(645)] "%cTRACE color: #888 Renderer->SharedProcess#connect", source: vscode-file://vscode-app/opt/vscodium/resources/app/out/vs/workbench/workbench.desktop.main.js (645)
[54341:1207/192528.786023:INFO:CONSOLE(645)] "%cTRACE color: #888 Renderer->UtilityProcess#createWorker", source: vscode-file://vscode-app/opt/vscodium/resources/app/out/vs/workbench/workbench.desktop.main.js (645)
[main 2023-12-08T03:25:28.791Z] StorageMainService: creating workspace storage (1702005898655)
[54341:1207/192528.807401:INFO:CONSOLE(645)] "%cTRACE color: #888 Error while resolving configuration file 'vscode-userdata:/home/xxx/.config/VSCodium/User/tasks.json': Unable to read file 'vscode-userdata:/home/xxx/.config/VSCodium/User/tasks.json' (Error: Unable to resolve nonexistent file 'vscode-userdata:/home/xxx/.config/VSCodium/User/tasks.json')", source: vscode-file://vscode-app/opt/vscodium/resources/app/out/vs/workbench/workbench.desktop.main.js (645)
[54341:1207/192528.852061:INFO:CONSOLE(645)] "%cTRACE color: #888 [lifecycle] starting up (startup kind: 1)", source: vscode-file://vscode-app/opt/vscodium/resources/app/out/vs/workbench/workbench.desktop.main.js (645)
[54341:1207/192528.852463:INFO:CONSOLE(645)] "%cTRACE color: #888 lifecycle: phase changed (value: 2)", source: vscode-file://vscode-app/opt/vscodium/resources/app/out/vs/workbench/workbench.desktop.main.js (645)
[54341:1207/192528.854592:INFO:CONSOLE(645)] "%c WARN color: #993 Via 'product.json#extensionEnabledApiProposals' extension 'ms-dotnettools.dotnet-interactive-vscode' wants API proposal 'languageConfigurationAutoClosingPairs' but that proposal DOES NOT EXIST. Likely, the proposal has been finalized (check 'vscode.d.ts') or was abandoned.", source: vscode-file://vscode-app/opt/vscodium/resources/app/out/vs/workbench/workbench.desktop.main.js (645)
[54341:1207/192528.916411:INFO:CONSOLE(645)] "%cTRACE color: #888 TimelineService#registerTimelineProvider: id=timeline.localHistory", source: vscode-file://vscode-app/opt/vscodium/resources/app/out/vs/workbench/workbench.desktop.main.js (645)
[54341:1207/192528.999794:INFO:CONSOLE(645)] "%cTRACE color: #888 Layout#layout, height: 1033, width: 633", source: vscode-file://vscode-app/opt/vscodium/resources/app/out/vs/workbench/workbench.desktop.main.js (645)
[main 2023-12-08T03:25:29.010Z] window#load: window reported ready (id: 1)
[main 2023-12-08T03:25:29.010Z] ElectronURLListener#flush(): flushing URLs
[54341:1207/192529.014258:INFO:CONSOLE(645)] "%cTRACE color: #888 lifecycle: phase changed (value: 3)", source: vscode-file://vscode-app/opt/vscodium/resources/app/out/vs/workbench/workbench.desktop.main.js (645)
[54341:1207/192529.015444:INFO:CONSOLE(645)] "%cTRACE color: #888 Renderer->SharedProcess#connect: before acquirePort", source: vscode-file://vscode-app/opt/vscodium/resources/app/out/vs/workbench/workbench.desktop.main.js (645)
[main 2023-12-08T03:25:29.015Z] [SharedProcess] onWindowConnection for: vscode:createSharedProcessChannelConnectionResult
[main 2023-12-08T03:25:29.016Z] [UtilityProcess type: shared-process, pid: <none>]: creating new...
[main 2023-12-08T03:25:29.021Z] [UtilityProcessWorker]: createWorker(window: 1, moduleId: vs/platform/files/node/watcher/watcherMain)
[main 2023-12-08T03:25:29.022Z] [UtilityProcess id: 1, type: fileWatcher, pid: <none>]: creating new...
[main 2023-12-08T03:25:29.027Z] [UtilityProcess type: shared-process, pid: 54436]: successfully created
[main 2023-12-08T03:25:29.027Z] [UtilityProcess id: 1, type: fileWatcher, pid: 54437]: successfully created
[main 2023-12-08T03:25:29.051Z] menubarService#updateMenubar 1
(codium:54341): Gtk-ERROR **: 19:25:29.086: Can't create a GtkStyleContext without a display connection
```

**Comment by paulcarroty** [comment]
Works for me with  flags `--enable-features=UseOzonePlatform --ozone-platform=wayland --enable-wayland-ime --enable-features=WaylandWindowDecorations` and `"window.titleBarStyle": "native"`.

**Comment by floesche** [comment]
I see a similar issue as @oniGino. If I run vscodium with the flags @paulcarroty uses (and option `"window.titleBarStyle": "native"` set), I see this. The vscodium window briefly appears before disappearing again.

```
PRMPT % vscodium --enable-features=UseOzonePlatform --ozone-platform=wayland --enable-wayland-ime --enable-features=WaylandWindowDecorations --verbose
Warning: 'enable-features' is not in the list of known options, but still passed to Electron/Chromium.
Warning: 'ozone-platform' is not in the list of known options, but still passed to Electron/Chromium.
Warning: 'enable-wayland-ime' is not in the list of known options, but still passed to Electron/Chromium.
[8024:1218/095546.338681:WARNING:wayland_object.cc(157)] Binding to zwp_linux_dmabuf_v1 version 3 but version 4 is available.
[8024:1218/095546.338799:WARNING:wayland_object.cc(157)] Binding to zwp_pointer_gestures_v1 version 1 but version 3 is available.
[8024:1218/095546.418688:WARNING:bluez_dbus_manager.cc(247)] Floss manager not present, cannot set Floss enable/disable.
[8024:1218/095546.422286:ERROR:object_proxy.cc(590)] Failed to call method: org.freedesktop.portal.Settings.Read: object_path= /org/freedesktop/portal/desktop: org.freedesktop.DBus.Error.ServiceUnknown: The name org.freedesktop.portal.Desktop was not provided by any .service files
[main 2023-12-18T14:55:46.491Z] [File Watcher (node.js)] Request to start watching: $HOME/.config/VSCodium/User (excludes: <none>, includes: <all>, correlationId: <none>),$HOME/.config/VSCodium/User/settings.json (excludes: <none>, includes: <all>, correlationId: <none>)
[main 2023-12-18T14:55:46.505Z] Starting VSCodium
[main 2023-12-18T14:55:46.505Z] from: /opt/vscodium-bin/resources/app
[main 2023-12-18T14:55:46.505Z] args: {
  _: [],
  diff: false,
  merge: false,
  add: false,
  goto: false,
  'new-window': false,
  'reuse-window': false,
  wait: false,
  help: false,
  'list-extensions': false,
  'show-versions': false,
  'pre-release': false,
  'enable-proposed-api': [ 'ms-toolsai.jupyter' ],
  version: false,
  verbose: true,
  status: false,
  'prof-startup': false,
  'no-cached-data': false,
  'prof-v8-extensions': false,
  'disable-extensions': false,
  'disable-gpu': false,
  'disable-chromium-sandbox': false,
  'ms-enable-electron-run-as-node': true,
  telemetry: false,
  debugRenderer: false,
  'enable-smoke-test-driver': false,
  logExtensionHostCommunication: false,
  'skip-release-notes': false,
  'skip-welcome': false,
  'disable-telemetry': false,
  'disable-updates': false,
  'use-inmemory-secretstorage': false,
  'disable-workspace-trust': false,
  'disable-crash-reporter': false,
  'skip-add-to-recently-opened': false,
  'unity-launch': false,
  'open-url': false,
  'file-write': false,
  'file-chmod': false,
  force: false,
  'do-not-sync': false,
  trace: false,
  'force-user-env': false,
  'force-disable-user-env': false,
  'open-devtools': false,
  'disable-gpu-sandbox': false,
  '__enable-file-policy': false,
  'enable-coi': false,
  'no-proxy-server': false,
  'no-sandbox': false,
  nolazy: false,
  'force-renderer-accessibility': false,
  'ignore-certificate-errors': false,
  'allow-insecure-localhost': false,
  'disable-dev-shm-usage': false,
  'profile-temp': false,
  logsPath: '$HOME/.config/VSCodium/logs/20231218T095546'
}
[main 2023-12-18T14:55:46.507Z] Resolving machine identifier...
[main 2023-12-18T14:55:46.507Z] Resolved machine identifier: 684650545c61b418381fac2917075a723fb182dbb1788342dc4f7f52e0401c8d
[main 2023-12-18T14:55:46.508Z] Main->SharedProcess#connect
[main 2023-12-18T14:55:46.510Z] [File Watcher (node.js)] Started watching: '$HOME/.config/VSCodium/User'
[main 2023-12-18T14:55:46.511Z] [File Watcher (node.js)] Started watching: '$HOME/.config/VSCodium/User/settings.json'
[main 2023-12-18T14:55:46.512Z] StorageMainService: creating application storage
[main 2023-12-18T14:55:46.514Z] ElectronURLListener: waiting for window to be ready to handle URLs...
[main 2023-12-18T14:55:46.514Z] lifecycle (main): phase changed (value: 2)
[8069:1218/095546.514820:WARNING:sandbox_linux.cc(393)] InitializeSandbox() called with multiple threads in process gpu-process.
[main 2023-12-18T14:55:46.514Z] windowsManager#open
[main 2023-12-18T14:55:46.516Z] windowsManager#open pathsToOpen [
  {
    workspace: { id: '74927ce35fbbd4cc3c99d2a5c03e6706', uri: [m] },
    type: 2,
    exists: true
  }
]
[main 2023-12-18T14:55:46.516Z] windowsManager#doOpenFolderOrWorkspace {
  folderOrWorkspace: {
    workspace: { id: '74927ce35fbbd4cc3c99d2a5c03e6706', uri: [m] },
    type: 2,
    exists: true
  },
  filesToOpen: undefined
}
[main 2023-12-18T14:55:46.517Z] IPC Object URL: Registered new channel vscode:bf38ac53-2556-47b0-80ab-482ba99a0d27.
[main 2023-12-18T14:55:46.517Z] window#validateWindowState: validating window state on 3 display(s) { mode: 0, x: 1924, y: 2160, width: 1024, height: 768 }
[main 2023-12-18T14:55:46.518Z] window#validateWindowState: multi-monitor working area { x: 960, y: 2160, width: 1920, height: 1080 }
[main 2023-12-18T14:55:46.518Z] window#ctor: using window state { mode: 0, x: 1924, y: 2160, width: 1024, height: 768 }
[8024:1218/095546.518482:WARNING:wayland_surface.cc(165)] Server doesn't support zcr_alpha_compositing_v1.
[8024:1218/095546.518496:WARNING:wayland_surface.cc(180)] Server doesn't support overlay_prioritizer.
[8024:1218/095546.518503:WARNING:wayland_surface.cc(194)] Server doesn't support surface_augmenter.
[8024:1218/095546.518510:WARNING:wayland_surface.cc(209)] Server doesn't support wp_content_type_v1
[8024:1218/095546.518517:WARNING:wayland_surface.cc(228)] Server doesn't support zcr_color_management_surface.
[main 2023-12-18T14:55:46.537Z] window#load: attempt to load window (id: 1)
[main 2023-12-18T14:55:46.542Z] StorageMainService: creating workspace storage (74927ce35fbbd4cc3c99d2a5c03e6706)
[main 2023-12-18T14:55:46.543Z] windowsManager#open used window count 1 (workspacesToOpen: 0, foldersToOpen: 1, emptyToRestore: 0, emptyToOpen: 0)
[main 2023-12-18T14:55:46.543Z] lifecycle (main): phase changed (value: 3)
[main 2023-12-18T14:55:46.543Z] resolveShellEnv(): skipped (VSCODE_CLI is set)
[main 2023-12-18T14:55:46.543Z] update#setState disabled
[main 2023-12-18T14:55:46.543Z] update#ctor - updates are disabled as there is no update URL
[main 2023-12-18T14:55:46.606Z] resolveShellEnv(): skipped (VSCODE_CLI is set)
PRMPT %

**Comment by aspizu** [comment]
Can reproduce on Cachy OS (Arch Linux) (Vscodium is vscodium-bin from AUR)

```
Warning: 'enable-features' is not in the list of known options, but still passed to Electron/Chromium.
Warning: 'ozone-platform' is not in the list of known options, but still passed to Electron/Chromium.
Warning: 'enable-wayland-ime' is not in the list of known options, but still passed to Electron/Chromium.
[50618:0103/003725.078517:WARNING:wayland_object.cc(157)] Binding to zwp_pointer_gestures_v1 version 1 but version 3 is available.
[50618:0103/003725.078566:WARNING:wayland_object.cc(157)] Binding to zwp_linux_dmabuf_v1 version 3 but version 4 is available.
[50618:0103/003725.132174:WARNING:bluez_dbus_manager.cc(247)] Floss manager not present, cannot set Floss enable/disable.
[50657:0103/003725.173867:WARNING:sandbox_linux.cc(393)] InitializeSandbox() called with multiple threads in process gpu-process.
[main 2024-01-02T19:07:25.175Z] [File Watcher (node.js)] Request to start watching: /home/aspizu/.config/VSCodium/User (excludes: <none>, includes: <all>, correlationId: <none>),/home/aspizu/.config/VSCodium/User/settings.json (excludes: <none>, includes: <all>, correlationId: <none>)
[main 2024-01-02T19:07:25.185Z] Starting VSCodium
[main 2024-01-02T19:07:25.185Z] from: /opt/vscodium-bin/resources/app
[main 2024-01-02T19:07:25.185Z] args: {
  _: [],
  diff: false,
  merge: false,
  add: false,
  goto: false,
  'new-window': false,
  'reuse-window': false,
  wait: false,
  help: false,
  'list-extensions': false,
  'show-versions': false,
  'pre-release': false,
  version: false,
  verbose: true,
  status: false,
  'prof-startup': false,
  'no-cached-data': false,
  'prof-v8-extensions': false,
  'disable-extensions': false,
  'disable-gpu': false,
  'disable-chromium-sandbox': false,
  'ms-enable-electron-run-as-node': true,
  telemetry: false,
  debugRenderer: false,
  'enable-smoke-test-driver': false,
  logExtensionHostCommunication: false,
  'skip-release-notes': false,
  'skip-welcome': false,
  'disable-telemetry': false,
  'disable-updates': false,
  'use-inmemory-secretstorage': false,
  'disable-workspace-trust': false,
  'disable-crash-reporter': false,
  'skip-add-to-recently-opened': false,
  'unity-launch': false,
  'open-url': false,
  'file-write': false,
  'file-chmod': false,
  force: false,
  'do-not-sync': false,
  trace: false,
  'force-user-env': false,
  'force-disable-user-env': false,
  'open-devtools': false,
  'disable-gpu-sandbox': false,
  '__enable-file-policy': false,
  'enable-coi': false,
  'no-proxy-server': false,
  'no-sandbox': false,
  nolazy: false,
  'force-renderer-accessibility': false,
  'ignore-certificate-errors': false,
  'allow-insecure-localhost': false,
  'disable-dev-shm-usage': false,
  'profile-temp': false,
  logsPath: '/home/aspizu/.config/VSCodium/logs/20240103T003725'
}
[main 2024-01-02T19:07:25.186Z] Resolving machine identifier...
[main 2024-01-02T19:07:25.187Z] Resolved machine identifier: 59bf38776a58c56285bebc04db7abfc47f08dc128370837043d70206bb8e0f03
[main 2024-01-02T19:07:25.187Z] Main->SharedProcess#connect
[main 2024-01-02T19:07:25.189Z] [File Watcher (node.js)] Started watching: '/home/aspizu/.config/VSCodium/User'
[main 2024-01-02T19:07:25.190Z] [File Watcher (node.js)] Started watching: '/home/aspizu/.config/VSCodium/User/settings.json'
[main 2024-01-02T19:07:25.191Z] StorageMainService: creating application storage
[main 2024-01-02T19:07:25.193Z] ElectronURLListener: waiting for window to be ready to handle URLs...
[main 2024-01-02T19:07:25.193Z] lifecycle (main): phase changed (value: 2)
[main 2024-01-02T19:07:25.193Z] windowsManager#open
[main 2024-01-02T19:07:25.193Z] windowsManager#open pathsToOpen [
  {
    backupPath: '/home/aspizu/.config/VSCodium/Backups/1704222348619',
    remoteAuthority: undefined
  }
]
[main 2024-01-02T19:07:25.193Z] windowsManager#doOpenEmpty {
  restore: true,
  remoteAuthority: undefined,
  filesToOpen: undefined,
  forceNewWindow: true
}
[main 2024-01-02T19:07:25.193Z] IPC Object URL: Registered new channel vscode:f50fda93-16e4-4bf1-a45f-6481850ce1f5.
[main 2024-01-02T19:07:25.193Z] window#validateWindowState: validating window state on 1 display(s) { mode: 0, x: 208, y: 28, width: 1024, height: 738 }
[main 2024-01-02T19:07:25.193Z] window#validateWindowState: 1 monitor working area { x: 0, y: 0, width: 1440, height: 810 }
[main 2024-01-02T19:07:25.193Z] window#ctor: using window state { mode: 0, x: 208, y: 28, width: 1024, height: 738 }
[50618:0103/003725.203457:WARNING:wayland_surface.cc(165)] Server doesn't support zcr_alpha_compositing_v1.
[50618:0103/003725.203475:WARNING:wayland_surface.cc(180)] Server doesn't support overlay_prioritizer.
[50618:0103/003725.203480:WARNING:wayland_surface.cc(194)] Server doesn't support surface_augmenter.
[50618:0103/003725.203486:WARNING:wayland_surface.cc(228)] Server doesn't support zcr_color_management_surface.
[50618:0103/003725.203706:WARNING:cursor_loader.cc(136)] Failed to load a platform cursor of type kNull
[main 2024-01-02T19:07:25.217Z] window#load: attempt to load window (id: 1)
[main 2024-01-02T19:07:25.221Z] windowsManager#open used window count 1 (workspacesToOpen: 0, foldersToOpen: 0, emptyToRestore: 1, emptyToOpen: 0)
[main 2024-01-02T19:07:25.221Z] lifecycle (main): phase changed (value: 3)
[main 2024-01-02T19:07:25.221Z] resolveShellEnv(): skipped (VSCODE_CLI is set)
[main 2024-01-02T19:07:25.221Z] update#setState disabled
[main 2024-01-02T19:07:25.221Z] update#ctor - updates are disabled as there is no update URL```

**Comment by aspizu** [comment]
If vscodium is started without wayland, then vscodium is started with wayland it will work. Then the xorg window can be closed and it will continue to work.

**Comment by plastik-flasche** [comment]
> If vscodium is started without wayland, then vscodium is started with wayland it will work. Then the xorg window can be closed and it will continue to work.

That's because when an instance of code is already open, it will just use the settings of the first window. so if you start one in X and then in Wayland, both will be X and if you start one in Wayland and then one in X, both will be Wayland.

# Same bug here but only on 1 out of 2 systems

I've tried downgrading till about 1.83 and the bug still occurs!

## Working system:

Arch Linux
KDE Plasma 6.0RC2
Wayland
Normal kernel
Acer Nitro 5
Dedicated Nvidia GPU with proprietary driver

## Non-working system:

Arch Linux
KDE Plasma 6.0RC2
Wayland
Zen Kernel (Also doesn't work with the normal kernel)
Lenovo Thinkpad X1 Yoga Gen 8
Integrated Graphics on Intel Evo

## Verbose output from `codium`:

```bash
$ codium --enable-features=UseOzonePlatform --ozone-platform=wayland --verbose
Warning: 'enable-features' is not in the list of known options, but still passed to Electron/Chromium.
Warning: 'ozone-platform' is not in the list of known options, but still passed to Electron/Chromium.
[56240:0213/193903.090607:WARNING:wayland_object.cc(157)] Binding to wl_seat version 8 but version 9 is available.
[56240:0213/193903.090671:WARNING:wayland_object.cc(157)] Binding to zwp_pointer_gestures_v1 version 1 but version 3 is available.
[56240:0213/193903.090778:WARNING:wayland_object.cc(157)] Binding to zwp_linux_dmabuf_v1 version 3 but version 4 is available.
[56240:0213/193903.194571:WARNING:bluez_dbus_manager.cc(247)] Floss manager not present, cannot set Floss enable/disable.
[56277:0213/193903.273009:WARNING:sandbox_linux.cc(393)] InitializeSandbox() called with multiple threads in process gpu-process.
[main 2024-02-13T18:39:03.272Z] [File Watcher (node.js)] Request to start watching: /home/user/.config/VSCodium/User (excludes: <none>, includes: <all>, correlationId: <none>),/home/user/.config/VSCodium/User/settings.json (excludes: <none>, includes: <all>, correlationId: <none>)
[main 2024-02-13T18:39:03.294Z] Starting VSCodium
[main 2024-02-13T18:39:03.295Z] from: /usr/share/vscodium/resources/app
[main 2024-02-13T18:39:03.295Z] args: {
  _: [],
  diff: false,
  merge: false,
  add: false,
  goto: false,
  'new-window': false,
  'reuse-window': false,
  wait: false,
  help: false,
  'list-extensions': false,
  'show-versions': false,
  'pre-release': false,
  version: false,
  verbose: true,
  status: false,
  'prof-startup': false,
  'no-cached-data': false,
  'prof-v8-extensions': false,
  'disable-extensions': false,
  'disable-gpu': false,
  'disable-chromium-sandbox': false,
  'ms-enable-electron-run-as-node': true,
  telemetry: false,
  debugRenderer: false,
  'enable-smoke-test-driver': false,
  logExtensionHostCommunication: false,
  'skip-release-notes': false,
  'skip-welcome': false,
  'disable-telemetry': false,
  'disable-updates': false,
  'use-inmemory-secretstorage': false,
  'disable-workspace-trust': false,
  'disable-crash-reporter': false,
  'skip-add-to-recently-opened': false,
  'unity-launch': false,
  'open-url': false,
  'file-write': false,
  'file-chmod': false,
  force: false,
  'do-not-sync': false,
  trace: false,
  'force-user-env': false,
  'force-disable-user-env': false,
  'open-devtools': false,
  'disable-gpu-sandbox': false,
  '__enable-file-policy': false,
  'enable-coi': false,
  'no-proxy-server': false,
  'no-sandbox': false,
  nolazy: false,
  'force-renderer-accessibility': false,
  'ignore-certificate-errors': false,
  'allow-insecure-localhost': false,
  'disable-dev-shm-usage': false,
  'profile-temp': false,
  logsPath: '/home/user/.config/VSCodium/logs/20240213T193903'
}
[main 2024-02-13T18:39:03.296Z] Resolving machine identifier...
[main 2024-02-13T18:39:03.296Z] Resolved machine identifier: e1518c4159483c89bc138f9faeef6d3bb86b97ae41588a45669262d7861928e1
[main 2024-02-13T18:39:03.297Z] Main->SharedProcess#connect
[main 2024-02-13T18:39:03.303Z] [File Watcher (node.js)] Started watching: '/home/user/.config/VSCodium/User'
[main 2024-02-13T18:39:03.304Z] [File Watcher (node.js)] Started watching: '/home/user/.config/VSCodium/User/settings.json'
[main 2024-02-13T18:39:03.307Z] StorageMainService: creating application storage
[main 2024-02-13T18:39:03.313Z] ElectronURLListener: waiting for window to be ready to handle URLs...
[main 2024-02-13T18:39:03.313Z] lifecycle (main): phase changed (value: 2)
[main 2024-02-13T18:39:03.314Z] windowsManager#open
[main 2024-02-13T18:39:03.316Z] windowsManager#open pathsToOpen [
  {
    workspace: { id: 'e49571f8de0c87ec3813835242a0318e', uri: [m] },
    type: 2,
    exists: true
  }
]
[main 2024-02-13T18:39:03.317Z] windowsManager#doOpenFolderOrWorkspace {
  folderOrWorkspace: {
    workspace: { id: 'e49571f8de0c87ec3813835242a0318e', uri: [m] },
    type: 2,
    exists: true
  },
  filesToOpen: undefined
}
[main 2024-02-13T18:39:03.318Z] IPC Object URL: Registered new channel vscode:6cd0033c-a525-4b51-b7eb-7703f303b83c.
[main 2024-02-13T18:39:03.318Z] window#validateWindowState: validating window state on 1 display(s) { mode: 0, x: 504, y: 70, width: 768, height: 464 }
[main 2024-02-13T18:39:03.319Z] window#validateWindowState: 1 monitor working area { x: 0, y: 0, width: 1536, height: 960 }
[main 2024-02-13T18:39:03.319Z] window#ctor: using window state { mode: 0, x: 504, y: 70, width: 768, height: 464 }
[56240:0213/193903.325170:WARNING:wayland_surface.cc(165)] Server doesn't support zcr_alpha_compositing_v1.
[56240:0213/193903.325186:WARNING:wayland_surface.cc(180)] Server doesn't support overlay_prioritizer.
[56240:0213/193903.325190:WARNING:wayland_surface.cc(194)] Server doesn't support surface_augmenter.
[56240:0213/193903.325192:WARNING:wayland_surface.cc(228)] Server doesn't support zcr_color_management_surface.
[56240:0213/193903.325419:WARNING:cursor_loader.cc(136)] Failed to load a platform cursor of type kNull
[main 2024-02-13T18:39:03.340Z] window#load: attempt to load window (id: 1)
[main 2024-02-13T18:39:03.351Z] StorageMainService: creating workspace storage (e49571f8de0c87ec3813835242a0318e)
[main 2024-02-13T18:39:03.354Z] windowsManager#open used window count 1 (workspacesToOpen: 0, foldersToOpen: 1, emptyToRestore: 0, emptyToOpen: 0)
[main 2024-02-13T18:39:03.355Z] lifecycle (main): phase changed (value: 3)
[main 2024-02-13T18:39:03.355Z] resolveShellEnv(): skipped (VSCODE_CLI is set)
[main 2024-02-13T18:39:03.356Z] update#setState disabled
[main 2024-02-13T18:39:03.356Z] update#ctor - updates are disabled as there is no update URL
```

## Log(s) from ~/.config/VSCodium/logs

There is only the main.log file because it segfaulted before it was able to create more.

### main.log

```log
2024-02-13 19:31:46.423 [trace] [File Watcher (node.js)] Request to start watching: /home/user/.config/VSCodium/User (excludes: <none>, includes: <all>, correlationId: <none>),/home/user/.config/VSCodium/User/settings.json (excludes: <none>, includes: <all>, correlationId: <none>)
2024-02-13 19:31:46.423 [debug] Starting VSCodium
2024-02-13 19:31:46.423 [debug] from: /usr/share/vscodium/resources/app
2024-02-13 19:31:46.423 [debug] args: {"_":[],"diff":false,"merge":false,"add":false,"goto":false,"new-window":false,"reuse-window":false,"wait":false,"help":false,"list-extensions":false,"show-versions":false,"pre-release":false,"version":false,"verbose":true,"status":false,"prof-startup":false,"no-cached-data":false,"prof-v8-extensions":false,"disable-extensions":false,"disable-gpu":false,"disable-chromium-sandbox":false,"ms-enable-electron-run-as-node":true,"telemetry":false,"debugRenderer":false,"enable-smoke-test-driver":false,"logExtensionHostCommunication":false,"skip-release-notes":false,"skip-welcome":false,"disable-telemetry":false,"disable-updates":false,"use-inmemory-secretstorage":false,"disable-workspace-trust":false,"disable-crash-reporter":false,"skip-add-to-recently-opened":false,"unity-launch":false,"open-url":false,"file-write":false,"file-chmod":false,"force":false,"do-not-sync":false,"trace":false,"force-user-env":false,"force-disable-user-env":false,"open-devtools":false,"disable-gpu-sandbox":false,"__enable-file-policy":false,"enable-coi":false,"no-proxy-server":false,"no-sandbox":false,"nolazy":false,"force-renderer-accessibility":false,"ignore-certificate-errors":false,"allow-insecure-localhost":false,"disable-dev-shm-usage":false,"profile-temp":false,"logsPath":"/home/user/.config/VSCodium/logs/20240213T193146"}
2024-02-13 19:31:46.423 [trace] Resolving machine identifier...
2024-02-13 19:31:46.423 [trace] Resolved machine identifier: e1518c4159483c89bc138f9faeef6d3bb86b97ae41588a45669262d7861928e1
2024-02-13 19:31:46.423 [trace] Main->SharedProcess#connect
2024-02-13 19:31:46.423 [trace] [File Watcher (node.js)] Started watching: '/home/user/.config/VSCodium/User'
2024-02-13 19:31:46.423 [trace] [File Watcher (node.js)] Started watching: '/home/user/.config/VSCodium/User/settings.json'
2024-02-13 19:31:46.425 [trace] StorageMainService: creating application storage
2024-02-13 19:31:46.429 [trace] ElectronURLListener: waiting for window to be ready to handle URLs...
2024-02-13 19:31:46.429 [trace] lifecycle (main): phase changed (value: 2)
2024-02-13 19:31:46.429 [trace] windowsManager#open
2024-02-13 19:31:46.430 [trace] windowsManager#open pathsToOpen [{"workspace":{"id":"e49571f8de0c87ec3813835242a0318e","uri":{"$mid":1,"fsPath":"/home/user/.config/VSCodium/logs","path":"/home/user/.config/VSCodium/logs","scheme":"file"}},"type":2,"exists":true}]
2024-02-13 19:31:46.431 [trace] windowsManager#doOpenFolderOrWorkspace {"folderOrWorkspace":{"workspace":{"id":"e49571f8de0c87ec3813835242a0318e","uri":{"$mid":1,"fsPath":"/home/user/.config/VSCodium/logs","external":"file:///home/user/.config/VSCodium/logs","path":"/home/user/.config/VSCodium/logs","scheme":"file"}},"type":2,"exists":true}}
2024-02-13 19:31:46.432 [trace] IPC Object URL: Registered new channel vscode:a71d4378-46b1-4fb1-a20f-0d530be305e6.
2024-02-13 19:31:46.432 [trace] window#validateWindowState: validating window state on 1 display(s) {"mode":0,"x":504,"y":70,"width":768,"height":464}
2024-02-13 19:31:46.432 [trace] window#validateWindowState: 1 monitor working area {"x":0,"y":0,"width":1536,"height":960}
2024-02-13 19:31:46.432 [trace] window#ctor: using window state {"mode":0,"x":504,"y":70,"width":768,"height":464}
2024-02-13 19:31:46.453 [trace] window#load: attempt to load window (id: 1)
2024-02-13 19:31:46.460 [trace] StorageMainService: creating workspace storage (e49571f8de0c87ec3813835242a0318e)
2024-02-13 19:31:46.461 [trace] windowsManager#open used window count 1 (workspacesToOpen: 0, foldersToOpen: 1, emptyToRestore: 0, emptyToOpen: 0)
2024-02-13 19:31:46.461 [trace] lifecycle (main): phase changed (value: 3)
2024-02-13 19:31:46.461 [trace] resolveShellEnv(): skipped (VSCODE_CLI is set)
2024-02-13 19:31:46.462 [info] update#setState disabled
2024-02-13 19:31:46.462 [info] update#ctor - updates are disabled as there is no update URL
```

## `journalctl` output

```bash
$ journalctl --since "1 minute ago"
Feb 13 19:39:03 archlinux kwin_wayland[1821]: kwin_core: Cannot grant a token to KWin::ClientConnection(0x5ed46bdbb740)
Feb 13 19:39:03 archlinux kernel: codium[56240]: segfault at 1010129 ip 00005ed36f77cfea sp 00007ffc0a9fa930 error 4 in codium[5ed36a80b000+785e000] likely on CPU 2 (core 4, socket 0)
Feb 13 19:39:03 archlinux kernel: Code: 98 00 00 00 89 55 d4 48 39 f7 0f 84 05 01 00 00 48 89 cb 49 89 f6 49 89 fd 48 8b 87 08 01 00 00 48 85 c0 48 0f 44 c7 49 89 c4 <48> 8b 40 28 48 85 c>
Feb 13 19:39:03 archlinux systemd[1]: Started Process Core Dump (PID 56331/UID 0).
Feb 13 19:39:03 archlinux systemd[1]: Started Pass systemd-coredump journal entries to relevant user for potential DrKonqi handling.
Feb 13 19:39:03 archlinux wpa_supplicant[1345]: wlan0: CTRL-EVENT-SIGNAL-CHANGE above=1 signal=-32 noise=9999 txrate=144400
Feb 13 19:39:03 archlinux systemd-coredump[56332]: [🡕] Process 56240 (codium) of user 1000 dumped core.
                                                   
                                                   Stack trace of thread 56240:
                                                   #0  0x00005ed36f77cfea n/a (codium + 0x6e66fea)
                                                   #1  0x00005ed36f655e44 n/a (codium + 0x6d3fe44)
                                                   #2  0x00005ed36f661fe0 n/a (codium + 0x6d4bfe0)
                                                   #3  0x00005ed36f65a0c9 n/a (codium + 0x6d440c9)
                                                   #4  0x00005ed36f77e7b6 n/a (codium + 0x6e687b6)
                                                   #5  0x00005ed36f78e860 n/a (codium + 0x6e78860)
                                                   #6  0x00005ed36f6565eb n/a (codium + 0x6d405eb)
                                                   #7  0x00005ed36d55ab5d n/a (codium + 0x4c44b5d)
                                                   #8  0x00005ed36d693192 n/a (codium + 0x4d7d192)
                                                   #9  0x00005ed36f659f69 n/a (codium + 0x6d43f69)
                                                   #10 0x00005ed36f77e7b6 n/a (codium + 0x6e687b6)
                                                   #11 0x00005ed36f78e860 n/a (codium + 0x6e78860)
                                                   #12 0x00005ed36f6565eb n/a (codium + 0x6d405eb)
                                                   #13 0x00005ed371cd4834 n/a (codium + 0x93be834)
                                                   #14 0x00005ed371cd34bf n/a (codium + 0x93bd4bf)
                                                   #15 0x00005ed371c450c6 n/a (codium + 0x932f0c6)
                                                   #16 0x00005ed371cd22b7 n/a (codium + 0x93bc2b7)
                                                   #17 0x00005ed371c4502d n/a (codium + 0x932f02d)
                                                   #18 0x00005ed36ad5a56a n/a (codium + 0x244456a)
                                                   #19 0x00005ed371c450c6 n/a (codium + 0x932f0c6)
                                                   #20 0x00005ed36ad5fa02 n/a (codium + 0x2449a02)
                                                   #21 0x00005ed371c450c6 n/a (codium + 0x932f0c6)
                                                   #22 0x00005ed371c3ef14 n/a (codium + 0x9328f14)
                                                   #23 0x00005ed371c3edd1 n/a (codium + 0x9328dd1)
                                                   #24 0x00005ed371c3eb58 n/a (codium + 0x9328b58)
                                                   #25 0x00005ed371c48309 n/a (codium + 0x9332309)
                                                   #26 0x00005ed371c450c6 n/a (codium + 0x932f0c6)
                                                   #27 0x00005ed371c71ca1 n/a (codium + 0x935bca1)
                                                   #28 0x00005ed371c450c6 n/a (codium + 0x932f0c6)
                                                   #29 0x00005ed371c72c4d n/a (codium + 0x935cc4d)
                                                   #30 0x00005ed371c450c6 n/a (codium + 0x932f0c6)
                                                   #31 0x00005ed371c513dc n/a (codium + 0x933b3dc)
                                                   #32 0x00005ed371c48309 n/a (codium + 0x9332309)
                                                   #33 0x00005ed371c450c6 n/a (codium + 0x932f0c6)
                                                   #34 0x00005ed371c45da2 n/a (codium + 0x932fda2)
                                                   #35 0x00005ed371c5fece n/a (codium + 0x9349ece)
                                                   #36 0x00005ed371c8c647 n/a (codium + 0x9376647)
                                                   #37 0x00005ed36f680147 n/a (codium + 0x6d6a147)
                                                   #38 0x00005ed36f76e297 n/a (codium + 0x6e58297)
                                                   #39 0x00005ed36ad4515e n/a (codium + 0x242f15e)
                                                   #40 0x00005ed36f76e985 n/a (codium + 0x6e58985)
                                                   #41 0x00005ed36b6bfe39 n/a (codium + 0x2da9e39)
                                                   #42 0x00005ed36b6bfa9e n/a (codium + 0x2da9a9e)
                                                   #43 0x00005ed36b6bf894 n/a (codium + 0x2da9894)
                                                   #44 0x00005ed36b6cf2b5 n/a (codium + 0x2db92b5)
                                                   #45 0x00005ed36ab4d025 n/a (codium + 0x2237025)
                                                   #46 0x00005ed36ab4c579 n/a (codium + 0x2236579)
```

## Coredump

```bash
$ user ~ coredumpctl dump codium --output=coredump
           PID: 56240 (codium)
           UID: 1000 (user)
           GID: 1000 (user)
        Signal: 11 (SEGV)
     Timestamp: Tue 2024-02-13 19:39:03 CET (17min ago)
  Command Line: $'/usr/share/vscodium/codium --ms-enable-electron-run-as-node --enable-features=UseOzonePlatform --ozone-platform=wayland --verbose'
    Executable: /usr/share/vscodium/codium
 Control Group: /user.slice/user-1000.slice/user@1000.service/app.slice/app-org.kde.konsole-a55850d536c148ee8afe89492131c87d.scope
          Unit: user@1000.service
     User Unit: app-org.kde.konsole-a55850d536c148ee8afe89492131c87d.scope
         Slice: user-1000.slice
     Owner UID: 1000 (user)
       Boot ID: 20158ce793634e72b805dd01eebf46af
    Machine ID: b52a1e977db846e8a677346529debfc6
      Hostname: archlinux
       Storage: /var/lib/systemd/coredump/core.codium.1000.20158ce793634e72b805dd01eebf46af.56240.1707849543000000.zst (present)
  Size on Disk: 8.6M
       Message: Process 56240 (codium) of user 1000 dumped core.
                
                Stack trace of thread 56240:
                #0  0x00005ed36f77cfea n/a (codium + 0x6e66fea)
                #1  0x00005ed36f655e44 n/a (codium + 0x6d3fe44)
                #2  0x00005ed36f661fe0 n/a (codium + 0x6d4bfe0)
                #3  0x00005ed36f65a0c9 n/a (codium + 0x6d440c9)
                #4  0x00005ed36f77e7b6 n/a (codium + 0x6e687b6)
                #5  0x00005ed36f78e860 n/a (codium + 0x6e78860)
                #6  0x00005ed36f6565eb n/a (codium + 0x6d405eb)
                #7  0x00005ed36d55ab5d n/a (codium + 0x4c44b5d)
                #8  0x00005ed36d693192 n/a (codium + 0x4d7d192)
                #9  0x00005ed36f659f69 n/a (codium + 0x6d43f69)
                #10 0x00005ed36f77e7b6 n/a (codium + 0x6e687b6)
                #11 0x00005ed36f78e860 n/a (codium + 0x6e78860)
                #12 0x00005ed36f6565eb n/a (codium + 0x6d405eb)
                #13 0x00005ed371cd4834 n/a (codium + 0x93be834)
                #14 0x00005ed371cd34bf n/a (codium + 0x93bd4bf)
                #15 0x00005ed371c450c6 n/a (codium + 0x932f0c6)
                #16 0x00005ed371cd22b7 n/a (codium + 0x93bc2b7)
                #17 0x00005ed371c4502d n/a (codium + 0x932f02d)
                #18 0x00005ed36ad5a56a n/a (codium + 0x244456a)
                #19 0x00005ed371c450c6 n/a (codium + 0x932f0c6)
                #20 0x00005ed36ad5fa02 n/a (codium + 0x2449a02)
                #21 0x00005ed371c450c6 n/a (codium + 0x932f0c6)
                #22 0x00005ed371c3ef14 n/a (codium + 0x9328f14)
                #23 0x00005ed371c3edd1 n/a (codium + 0x9328dd1)
                #24 0x00005ed371c3eb58 n/a (codium + 0x9328b58)
                #25 0x00005ed371c48309 n/a (codium + 0x9332309)
                #26 0x00005ed371c450c6 n/a (codium + 0x932f0c6)
                #27 0x00005ed371c71ca1 n/a (codium + 0x935bca1)
                #28 0x00005ed371c450c6 n/a (codium + 0x932f0c6)
                #29 0x00005ed371c72c4d n/a (codium + 0x935cc4d)
                #30 0x00005ed371c450c6 n/a (codium + 0x932f0c6)
                #31 0x00005ed371c513dc n/a (codium + 0x933b3dc)
                #32 0x00005ed371c48309 n/a (codium + 0x9332309)
                #33 0x00005ed371c450c6 n/a (codium + 0x932f0c6)
                #34 0x00005ed371c45da2 n/a (codium + 0x932fda2)
                #35 0x00005ed371c5fece n/a (codium + 0x9349ece)
                #36 0x00005ed371c8c647 n/a (codium + 0x9376647)
                #37 0x00005ed36f680147 n/a (codium + 0x6d6a147)
                #38 0x00005ed36f76e297 n/a (codium + 0x6e58297)
                #39 0x00005ed36ad4515e n/a (codium + 0x242f15e)
                #40 0x00005ed36f76e985 n/a (codium + 0x6e58985)
                #41 0x00005ed36b6bfe39 n/a (codium + 0x2da9e39)
                #42 0x00005ed36b6bfa9e n/a (codium + 0x2da9a9e)
                #43 0x00005ed36b6bf894 n/a (codium + 0x2da9894)
                #44 0x00005ed36b6cf2b5 n/a (codium + 0x2db92b5)
                #45 0x00005ed36ab4d025 n/a (codium + 0x2237025)
                #46 0x00005ed36ab4c579 n/a (codium + 0x2236579)
                #47 0x00005ed36ef94257 n/a (codium + 0x667e257)
                #48 0x00005ed36ef9274a n/a (codium + 0x667c74a)
                #49 0x00005ed36ef921bd wl_display_dispatch_queue_pending (codium + 0x667c1bd)
                #50 0x00005ed36b6e2996 n/a (codium + 0x2dcc996)
                #51 0x00005ed36b6e32bd n/a (codium + 0x2dcd2bd)
                #52 0x000070bf3670df69 n/a (libglib-2.0.so.0 + 0x59f69)
                #53 0x000070bf3676c3a7 n/a (libglib-2.0.so.0 + 0xb83a7)
                #54 0x000070bf3670c162 g_main_context_iteration (libglib-2.0.so.0 + 0x58162)
                #55 0x00005ed36dff1dcc n/a (codium + 0x56dbdcc)
                #56 0x00005ed36df91a0c n/a (codium + 0x567ba0c)
                #57 0x00005ed36df53a61 n/a (codium + 0x563da61)
                #58 0x00005ed36d0a1e3f n/a (codium + 0x478be3f)
                #59 0x00005ed36d0a3c22 n/a (codium + 0x478dc22)
                #60 0x00005ed36d09f469 n/a (codium + 0x4789469)
                #61 0x00005ed36ae7a424 n/a (codium + 0x2564424)
                #62 0x00005ed36ae7bcae n/a (codium + 0x2565cae)
                #63 0x00005ed36ae7bac8 n/a (codium + 0x2565ac8)
                
                Stack trace of thread 56241:
                #0  0x000070bf3535c0bf __poll (libc.so.6 + 0xfb0bf)
                #1  0x00005ed36d6f3384 n/a (codium + 0x4ddd384)
                #2  0x00005ed36dfc5455 n/a (codium + 0x56af455)
                #3  0x000070bf352ec55a n/a (libc.so.6 + 0x8b55a)
                #4  0x000070bf35369a3c n/a (libc.so.6 + 0x108a3c)
                
                Stack trace of thread 56249:
                #0  0x000070bf352d8076 _IO_fread (libc.so.6 + 0x77076)
                #1  0x00005ed36efa8fdb n/a (codium + 0x6692fdb)
                #2  0x00005ed36efa8bcc n/a (codium + 0x6692bcc)
                #3  0x00005ed36efa79ed wl_cursor_theme_load (codium + 0x66919ed)
                #4  0x00005ed36b6d7129 n/a (codium + 0x2dc1129)
                #5  0x00005ed36dfaf75b n/a (codium + 0x569975b)
                #6  0x00005ed36df72d7d n/a (codium + 0x565cd7d)
                #7  0x00005ed36dfa1e86 n/a (codium + 0x568be86)
                #8  0x00005ed36dfa1536 n/a (codium + 0x568b536)
                #9  0x00005ed36dfa1101 n/a (codium + 0x568b101)
                #10 0x00005ed36dfab018 n/a (codium + 0x5695018)
                #11 0x00005ed36dfaad5d n/a (codium + 0x5694d5d)
                #12 0x00005ed36dfaac70 n/a (codium + 0x5694c70)
                #13 0x00005ed36dfc5455 n/a (codium + 0x56af455)
                #14 0x000070bf352ec55a n/a (libc.so.6 + 0x8b55a)
                #15 0x000070bf35369a3c n/a (libc.so.6 + 0x108a3c)
                
                Stack trace of thread 56250:
                #0  0x000070bf352e8ebe n/a (libc.so.6 + 0x87ebe)
                #1  0x000070bf352eba65 pthread_cond_timedwait (libc.so.6 + 0x8aa65)
                #2  0x00005ed36dfc4d10 n/a (codium + 0x56aed10)
                #3  0x00005ed36dfee8b7 n/a (codium + 0x56d88b7)
                #4  0x00005ed36df6fcee n/a (codium + 0x5659cee)
                #5  0x00005ed36dfaa4a6 n/a (codium + 0x56944a6)
                #6  0x00005ed36dfab108 n/a (codium + 0x5695108)
                #7  0x00005ed36dfaad5d n/a (codium + 0x5694d5d)
                #8  0x00005ed36dfaac70 n/a (codium + 0x5694c70)
                #9  0x00005ed36dfc5455 n/a (codium + 0x56af455)
                #10 0x000070bf352ec55a n/a (libc.so.6 + 0x8b55a)
                #11 0x000070bf35369a3c n/a (libc.so.6 + 0x108a3c)
                
                Stack trace of thread 56252:
                #0  0x000070bf35369e66 epoll_wait (libc.so.6 + 0x108e66)
                #1  0x00005ed36e10f944 n/a (codium + 0x57f9944)
                #2  0x00005ed36e10d66f n/a (codium + 0x57f766f)
                #3  0x00005ed36dfe9009 n/a (codium + 0x56d3009)
                #4  0x00005ed36df91a0c n/a (codium + 0x567ba0c)
                #5  0x00005ed36df53a61 n/a (codium + 0x563da61)
                #6  0x00005ed36dfb2458 n/a (codium + 0x569c458)
                #7  0x00005ed36d0a4a3f n/a (codium + 0x478ea3f)
                #8  0x00005ed36dfb25f8 n/a (codium + 0x569c5f8)
                #9  0x00005ed36dfc5455 n/a (codium + 0x56af455)
                #10 0x000070bf352ec55a n/a (libc.so.6 + 0x8b55a)
                #11 0x000070bf35369a3c n/a (libc.so.6 + 0x108a3c)
                
                Stack trace of thread 56257:
                #0  0x000070bf352e8ebe n/a (libc.so.6 + 0x87ebe)
                #1  0x000070bf352eb750 pthread_cond_wait (libc.so.6 + 0x8a750)
                #2  0x00005ed36aba79b9 uv_cond_wait (codium + 0x22919b9)
                #3  0x00005ed371e5725e n/a (codium + 0x954125e)
                #4  0x000070bf352ec55a n/a (libc.so.6 + 0x8b55a)
                #5  0x000070bf35369a3c n/a (libc.so.6 + 0x108a3c)
                
                Stack trace of thread 56251:
                #0  0x000070bf352e8ebe n/a (libc.so.6 + 0x87ebe)
                #1  0x000070bf352eba65 pthread_cond_timedwait (libc.so.6 + 0x8aa65)
                #2  0x00005ed36dfc4d10 n/a (codium + 0x56aed10)
                #3  0x00005ed36dfee8b7 n/a (codium + 0x56d88b7)
                #4  0x00005ed36df6fcee n/a (codium + 0x5659cee)
                #5  0x00005ed36dfaa4a6 n/a (codium + 0x56944a6)
                #6  0x00005ed36dfab108 n/a (codium + 0x5695108)
                #7  0x00005ed36dfaad8d n/a (codium + 0x5694d8d)
                #8  0x00005ed36dfaac7a n/a (codium + 0x5694c7a)
                #9  0x00005ed36dfc5455 n/a (codium + 0x56af455)
                #10 0x000070bf352ec55a n/a (libc.so.6 + 0x8b55a)
                #11 0x000070bf35369a3c n/a (libc.so.6 + 0x108a3c)
                
                Stack trace of thread 56274:
                #0  0x000070bf352e8ebe n/a (libc.so.6 + 0x87ebe)
                #1  0x000070bf352eba65 pthread_cond_timedwait (libc.so.6 + 0x8aa65)
                #2  0x00005ed36dfc4d10 n/a (codium + 0x56aed10)
                #3  0x00005ed36dfee8b7 n/a (codium + 0x56d88b7)
                #4  0x00005ed36df6fcee n/a (codium + 0x5659cee)
                #5  0x00005ed36dfaa4a6 n/a (codium + 0x56944a6)
                #6  0x00005ed36dfab108 n/a (codium + 0x5695108)
                #7  0x00005ed36dfaadbd n/a (codium + 0x5694dbd)
                #8  0x00005ed36dfaac84 n/a (codium + 0x5694c84)
                #9  0x00005ed36dfc5455 n/a (codium + 0x56af455)
                #10 0x000070bf352ec55a n/a (libc.so.6 + 0x8b55a)
                #11 0x000070bf35369a3c n/a (libc.so.6 + 0x108a3c)
                
                Stack trace of thread 56320:
                #0  0x000070bf35369e66 epoll_wait (libc.so.6 + 0x108e66)
                #1  0x00005ed36e10f944 n/a (codium + 0x57f9944)
                #2  0x00005ed36e10d66f n/a (codium + 0x57f766f)
                #3  0x00005ed36dfe90c7 n/a (codium + 0x56d30c7)
                #4  0x00005ed36df91a0c n/a (codium + 0x567ba0c)
                #5  0x00005ed36df53a61 n/a (codium + 0x563da61)
                #6  0x00005ed36dfb2458 n/a (codium + 0x569c458)
                #7  0x00005ed36dfb25f8 n/a (codium + 0x569c5f8)
                #8  0x00005ed36dfc5455 n/a (codium + 0x56af455)
                #9  0x000070bf352ec55a n/a (libc.so.6 + 0x8b55a)
                #10 0x000070bf35369a3c n/a (libc.so.6 + 0x108a3c)
                
                Stack trace of thread 56269:
                #0  0x000070bf352e8ebe n/a (libc.so.6 + 0x87ebe)
                #1  0x000070bf352eba65 pthread_cond_timedwait (libc.so.6 + 0x8aa65)
                #2  0x00005ed36dfc4d10 n/a (codium + 0x56aed10)
                #3  0x00005ed36dfee8b7 n/a (codium + 0x56d88b7)
                #4  0x00005ed36df6fcee n/a (codium + 0x5659cee)
                #5  0x00005ed36dfaa4a6 n/a (codium + 0x56944a6)
                #6  0x00005ed36dfab108 n/a (codium + 0x5695108)
                #7  0x00005ed36dfaad5d n/a (codium + 0x5694d5d)
                #8  0x00005ed36dfaac70 n/a (codium + 0x5694c70)
                #9  0x00005ed36dfc5455 n/a (codium + 0x56af455)
                #10 0x000070bf352ec55a n/a (libc.so.6 + 0x8b55a)
                #11 0x000070bf35369a3c n/a (libc.so.6 + 0x108a3c)
                
                Stack trace of thread 56259:
                #0  0x000070bf352e8ebe n/a (libc.so.6 + 0x87ebe)
                #1  0x000070bf352eb750 pthread_cond_wait (libc.so.6 + 0x8a750)
                #2  0x00005ed36aba79b9 uv_cond_wait (codium + 0x22919b9)
                #3  0x00005ed371e5725e n/a (codium + 0x954125e)
                #4  0x000070bf352ec55a n/a (libc.so.6 + 0x8b55a)
                #5  0x000070bf35369a3c n/a (libc.so.6 + 0x108a3c)
                
                Stack trace of thread 56260:
                #0  0x000070bf352e8ebe n/a (libc.so.6 + 0x87ebe)
                #1  0x000070bf352f4470 n/a (libc.so.6 + 0x93470)
                #2  0x00005ed36aba77f0 uv_sem_wait (codium + 0x22917f0)
                #3  0x00005ed371ef681d n/a (codium + 0x95e081d)
                #4  0x000070bf352ec55a n/a (libc.so.6 + 0x8b55a)
                #5  0x000070bf35369a3c n/a (libc.so.6 + 0x108a3c)
                
                Stack trace of thread 56247:
                #0  0x000070bf35352ec7 wait4 (libc.so.6 + 0xf1ec7)
                #1  0x00005ed36dfe405a n/a (codium + 0x56ce05a)
                #2  0x00005ed36dfe3d90 n/a (codium + 0x56cdd90)
                #3  0x00005ed36dfc5455 n/a (codium + 0x56af455)
                #4  0x000070bf352ec55a n/a (libc.so.6 + 0x8b55a)
                #5  0x000070bf35369a3c n/a (libc.so.6 + 0x108a3c)
                
                Stack trace of thread 56258:
                #0  0x000070bf352e8ebe n/a (libc.so.6 + 0x87ebe)
                #1  0x000070bf352eb750 pthread_cond_wait (libc.so.6 + 0x8a750)
                #2  0x00005ed36aba79b9 uv_cond_wait (codium + 0x22919b9)
                #3  0x00005ed371e5725e n/a (codium + 0x954125e)
                #4  0x000070bf352ec55a n/a (libc.so.6 + 0x8b55a)
                #5  0x000070bf35369a3c n/a (libc.so.6 + 0x108a3c)
                
                Stack trace of thread 56275:
                #0  0x000070bf3535c0bf __poll (libc.so.6 + 0xfb0bf)
                #1  0x00005ed36dfc8091 n/a (codium + 0x56b2091)
                #2  0x00005ed36dfc5455 n/a (codium + 0x56af455)
                #3  0x000070bf352ec55a n/a (libc.so.6 + 0x8b55a)
                #4  0x000070bf35369a3c n/a (libc.so.6 + 0x108a3c)
                
                Stack trace of thread 56276:
                #0  0x000070bf352e8ebe n/a (libc.so.6 + 0x87ebe)
                #1  0x000070bf352eb750 pthread_cond_wait (libc.so.6 + 0x8a750)
                #2  0x00005ed36dfc4bfa n/a (codium + 0x56aebfa)
                #3  0x00005ed36f14a2bd n/a (codium + 0x68342bd)
                #4  0x00005ed36dfc5455 n/a (codium + 0x56af455)
                #5  0x000070bf352ec55a n/a (libc.so.6 + 0x8b55a)
                #6  0x000070bf35369a3c n/a (libc.so.6 + 0x108a3c)
                
                Stack trace of thread 56278:
                #0  0x000070bf352e8ebe n/a (libc.so.6 + 0x87ebe)
                #1  0x000070bf352eb750 pthread_cond_wait (libc.so.6 + 0x8a750)
                #2  0x00005ed36dfc4bfa n/a (codium + 0x56aebfa)
                #3  0x00005ed36dfee8a6 n/a (codium + 0x56d88a6)
                #4  0x00005ed36df6fb82 n/a (codium + 0x5659b82)
                #5  0x00005ed36df2fc96 n/a (codium + 0x5619c96)
                #6  0x00005ed36df91a0c n/a (codium + 0x567ba0c)
                #7  0x00005ed36df53a61 n/a (codium + 0x563da61)
                #8  0x00005ed36dfb2458 n/a (codium + 0x569c458)
                #9  0x00005ed36dfb25f8 n/a (codium + 0x569c5f8)
                #10 0x00005ed36dfc5455 n/a (codium + 0x56af455)
                #11 0x000070bf352ec55a n/a (libc.so.6 + 0x8b55a)
                #12 0x000070bf35369a3c n/a (libc.so.6 + 0x108a3c)
                
                Stack trace of thread 56262:
                #0  0x000070bf3535c0bf __poll (libc.so.6 + 0xfb0bf)
                #1  0x000070bf3676c2f6 n/a (libglib-2.0.so.0 + 0xb82f6)
                #2  0x000070bf3670c162 g_main_context_iteration (libglib-2.0.so.0 + 0x58162)
                #3  0x000070bf3670c1b2 n/a (libglib-2.0.so.0 + 0x581b2)
                #4  0x000070bf3673fa45 n/a (libglib-2.0.so.0 + 0x8ba45)
                #5  0x000070bf352ec55a n/a (libc.so.6 + 0x8b55a)
                #6  0x000070bf35369a3c n/a (libc.so.6 + 0x108a3c)
                
                Stack trace of thread 56266:
                #0  0x000070bf3536788d syscall (libc.so.6 + 0x10688d)
                #1  0x000070bf36767337 g_cond_wait (libglib-2.0.so.0 + 0xb3337)
                #2  0x000070bf366d91b4 n/a (libglib-2.0.so.0 + 0x251b4)
                #3  0x000070bf366d921c g_async_queue_pop (libglib-2.0.so.0 + 0x2521c)
                #4  0x000070bf34be9d08 n/a (libpangoft2-1.0.so.0 + 0x8d08)
                #5  0x000070bf3673fa45 n/a (libglib-2.0.so.0 + 0x8ba45)
                #6  0x000070bf352ec55a n/a (libc.so.6 + 0x8b55a)
                #7  0x000070bf35369a3c n/a (libc.so.6 + 0x108a3c)
                
                Stack trace of thread 56271:
                #0  0x000070bf352e8ebe n/a (libc.so.6 + 0x87ebe)
                #1  0x000070bf352eba65 pthread_cond_timedwait (libc.so.6 + 0x8aa65)
                #2  0x00005ed36dfc4d10 n/a (codium + 0x56aed10)
                #3  0x00005ed36dfee8b7 n/a (codium + 0x56d88b7)
                #4  0x00005ed36df6fcee n/a (codium + 0x5659cee)
                #5  0x00005ed36dfaa4a6 n/a (codium + 0x56944a6)
                #6  0x00005ed36dfaaefc n/a (codium + 0x5694efc)
                #7  0x00005ed36dfaad5d n/a (codium + 0x5694d5d)
                #8  0x00005ed36dfaac70 n/a (codium + 0x5694c70)
                #9  0x00005ed36dfc5455 n/a (codium + 0x56af455)
                #10 0x000070bf352ec55a n/a (libc.so.6 + 0x8b55a)
                #11 0x000070bf35369a3c n/a (libc.so.6 + 0x108a3c)
                
                Stack trace of thread 56283:
                #0  0x000070bf352e8ebe n/a (libc.so.6 + 0x87ebe)
                #1  0x000070bf352eb750 pthread_cond_wait (libc.so.6 + 0x8a750)
                #2  0x00005ed36aba79b9 uv_cond_wait (codium + 0x22919b9)
                #3  0x00005ed36ab987c8 n/a (codium + 0x22827c8)
                #4  0x000070bf352ec55a n/a (libc.so.6 + 0x8b55a)
                #5  0x000070bf35369a3c n/a (libc.so.6 + 0x108a3c)
                
                Stack trace of thread 56273:
                #0  0x000070bf352e8ebe n/a (libc.so.6 + 0x87ebe)
                #1  0x000070bf352eba65 pthread_cond_timedwait (libc.so.6 + 0x8aa65)
                #2  0x00005ed36dfc4d10 n/a (codium + 0x56aed10)
                #3  0x00005ed36dfee8b7 n/a (codium + 0x56d88b7)
                #4  0x00005ed36df6fcee n/a (codium + 0x5659cee)
                #5  0x00005ed36dfaa4a6 n/a (codium + 0x56944a6)
                #6  0x00005ed36dfab108 n/a (codium + 0x5695108)
                #7  0x00005ed36dfaad5d n/a (codium + 0x5694d5d)
                #8  0x00005ed36dfaac70 n/a (codium + 0x5694c70)
                #9  0x00005ed36dfc5455 n/a (codium + 0x56af455)
                #10 0x000070bf352ec55a n/a (libc.so.6 + 0x8b55a)
                #11 0x000070bf35369a3c n/a (libc.so.6 + 0x108a3c)
                
                Stack trace of thread 56264:
                #0  0x000070bf3535c0bf __poll (libc.so.6 + 0xfb0bf)
                #1  0x000070bf3676c2f6 n/a (libglib-2.0.so.0 + 0xb82f6)
                #2  0x000070bf3670eb97 g_main_loop_run (libglib-2.0.so.0 + 0x5ab97)
                #3  0x000070bf365ed19c n/a (libgio-2.0.so.0 + 0x11219c)
                #4  0x000070bf3673fa45 n/a (libglib-2.0.so.0 + 0x8ba45)
                #5  0x000070bf352ec55a n/a (libc.so.6 + 0x8b55a)
                #6  0x000070bf35369a3c n/a (libc.so.6 + 0x108a3c)
                
                Stack trace of thread 56279:
                #0  0x000070bf352e8ebe n/a (libc.so.6 + 0x87ebe)
                #1  0x000070bf352f4470 n/a (libc.so.6 + 0x93470)
                #2  0x00005ed36aba77f0 uv_sem_wait (codium + 0x22917f0)
                #3  0x00005ed36ad19299 n/a (codium + 0x2403299)
                #4  0x000070bf352ec55a n/a (libc.so.6 + 0x8b55a)
                #5  0x000070bf35369a3c n/a (libc.so.6 + 0x108a3c)
                
                Stack trace of thread 56281:
                #0  0x000070bf352e8ebe n/a (libc.so.6 + 0x87ebe)
                #1  0x000070bf352eb750 pthread_cond_wait (libc.so.6 + 0x8a750)
                #2  0x00005ed36aba79b9 uv_cond_wait (codium + 0x22919b9)
                #3  0x00005ed36ab987c8 n/a (codium + 0x22827c8)
                #4  0x000070bf352ec55a n/a (libc.so.6 + 0x8b55a)
                #5  0x000070bf35369a3c n/a (libc.so.6 + 0x108a3c)
                
                Stack trace of thread 56284:
                #0  0x000070bf352e8ebe n/a (libc.so.6 + 0x87ebe)
                #1  0x000070bf352eb750 pthread_cond_wait (libc.so.6 + 0x8a750)
                #2  0x00005ed36aba79b9 uv_cond_wait (codium + 0x22919b9)
                #3  0x00005ed36ab987c8 n/a (codium + 0x22827c8)
                #4  0x000070bf352ec55a n/a (libc.so.6 + 0x8b55a)
                #5  0x000070bf35369a3c n/a (libc.so.6 + 0x108a3c)
                
                Stack trace of thread 56261:
                #0  0x000070bf3536788d syscall (libc.so.6 + 0x10688d)
                #1  0x000070bf36767337 g_cond_wait (libglib-2.0.so.0 + 0xb3337)
                #2  0x000070bf366d91b4 n/a (libglib-2.0.so.0 + 0x251b4)
                #3  0x000070bf36741ace n/a (libglib-2.0.so.0 + 0x8dace)
                #4  0x000070bf3673fa45 n/a (libglib-2.0.so.0 + 0x8ba45)
                #5  0x000070bf352ec55a n/a (libc.so.6 + 0x8b55a)
                #6  0x000070bf35369a3c n/a (libc.so.6 + 0x108a3c)
                
                Stack trace of thread 56263:
                #0  0x000070bf3536788d syscall (libc.so.6 + 0x10688d)
                #1  0x000070bf36767d13 g_cond_wait_until (libglib-2.0.so.0 + 0xb3d13)
                #2  0x000070bf366d9185 n/a (libglib-2.0.so.0 + 0x25185)
                #3  0x000070bf3674257b n/a (libglib-2.0.so.0 + 0x8e57b)
                #4  0x000070bf3673fa45 n/a (libglib-2.0.so.0 + 0x8ba45)
                #5  0x000070bf352ec55a n/a (libc.so.6 + 0x8b55a)
                #6  0x000070bf35369a3c n/a (libc.so.6 + 0x108a3c)
                
                Stack trace of thread 56256:
                #0  0x000070bf35369e66 epoll_wait (libc.so.6 + 0x108e66)
                #1  0x00005ed36abaa5c5 n/a (codium + 0x22945c5)
                #2  0x00005ed36ab9c0a6 uv_run (codium + 0x22860a6)
                #3  0x00005ed371e59682 n/a (codium + 0x9543682)
                #4  0x000070bf352ec55a n/a (libc.so.6 + 0x8b55a)
                #5  0x000070bf35369a3c n/a (libc.so.6 + 0x108a3c)
                
                Stack trace of thread 56253:
                #0  0x000070bf352e8ebe n/a (libc.so.6 + 0x87ebe)
                #1  0x000070bf352eb750 pthread_cond_wait (libc.so.6 + 0x8a750)
                #2  0x00005ed36dfc4bfa n/a (codium + 0x56aebfa)
                #3  0x00005ed36dfee8a6 n/a (codium + 0x56d88a6)
                #4  0x00005ed36df6fb82 n/a (codium + 0x5659b82)
                #5  0x00005ed36df2fc96 n/a (codium + 0x5619c96)
                #6  0x00005ed36df91a0c n/a (codium + 0x567ba0c)
                #7  0x00005ed36df53a61 n/a (codium + 0x563da61)
                #8  0x00005ed36dfb2458 n/a (codium + 0x569c458)
                #9  0x00005ed36dfb25f8 n/a (codium + 0x569c5f8)
                #10 0x00005ed36dfc5455 n/a (codium + 0x56af455)
                #11 0x000070bf352ec55a n/a (libc.so.6 + 0x8b55a)
                #12 0x000070bf35369a3c n/a (libc.so.6 + 0x108a3c)
                
                Stack trace of thread 56248:
                #0  0x000070bf35369e66 epoll_wait (libc.so.6 + 0x108e66)
                #1  0x00005ed36e10f944 n/a (codium + 0x57f9944)
                #2  0x00005ed36e10d66f n/a (codium + 0x57f766f)
                #3  0x00005ed36dfe90c7 n/a (codium + 0x56d30c7)
                #4  0x00005ed36df91a0c n/a (codium + 0x567ba0c)
                #5  0x00005ed36df53a61 n/a (codium + 0x563da61)
                #6  0x00005ed36dfb2458 n/a (codium + 0x569c458)
                #7  0x00005ed36df9a94d n/a (codium + 0x568494d)
                #8  0x00005ed36dfb25f8 n/a (codium + 0x569c5f8)
                #9  0x00005ed36dfc5455 n/a (codium + 0x56af455)
                #10 0x000070bf352ec55a n/a (libc.so.6 + 0x8b55a)
                #11 0x000070bf35369a3c n/a (libc.so.6 + 0x108a3c)
                
                Stack trace of thread 56265:
                #0  0x000070bf3535c0bf __poll (libc.so.6 + 0xfb0bf)
                #1  0x000070bf3676c2f6 n/a (libglib-2.0.so.0 + 0xb82f6)
                #2  0x000070bf3670c162 g_main_context_iteration (libglib-2.0.so.0 + 0x58162)
                #3  0x000070bf338c8fde n/a (libdconfsettings.so + 0x5fde)
                #4  0x000070bf3673fa45 n/a (libglib-2.0.so.0 + 0x8ba45)
                #5  0x000070bf352ec55a n/a (libc.so.6 + 0x8b55a)
                #6  0x000070bf35369a3c n/a (libc.so.6 + 0x108a3c)
                
                Stack trace of thread 56267:
                #0  0x000070bf35369e66 epoll_wait (libc.so.6 + 0x108e66)
                #1  0x00005ed36e10f944 n/a (codium + 0x57f9944)
                #2  0x00005ed36e10d66f n/a (codium + 0x57f766f)
                #3  0x00005ed36dfe9009 n/a (codium + 0x56d3009)
                #4  0x00005ed36df91a0c n/a (codium + 0x567ba0c)
                #5  0x00005ed36df53a61 n/a (codium + 0x563da61)
                #6  0x00005ed36dfb2458 n/a (codium + 0x569c458)
                #7  0x00005ed36dfb25f8 n/a (codium + 0x569c5f8)
                #8  0x00005ed36dfc5455 n/a (codium + 0x56af455)
                #9  0x000070bf352ec55a n/a (libc.so.6 + 0x8b55a)
                #10 0x000070bf35369a3c n/a (libc.so.6 + 0x108a3c)
                
                Stack trace of thread 56268:
                #0  0x000070bf3535c6bc read (libc.so.6 + 0xfb6bc)
                #1  0x00005ed36ad3f45e n/a (codium + 0x242945e)
                #2  0x00005ed36dfc5455 n/a (codium + 0x56af455)
                #3  0x000070bf352ec55a n/a (libc.so.6 + 0x8b55a)
                #4  0x000070bf35369a3c n/a (libc.so.6 + 0x108a3c)
                
                Stack trace of thread 56270:
                #0  0x000070bf352e8ebe n/a (libc.so.6 + 0x87ebe)
                #1  0x000070bf352eba65 pthread_cond_timedwait (libc.so.6 + 0x8aa65)
                #2  0x00005ed36dfc4d10 n/a (codium + 0x56aed10)
                #3  0x00005ed36dfee8b7 n/a (codium + 0x56d88b7)
                #4  0x00005ed36df6fcee n/a (codium + 0x5659cee)
                #5  0x00005ed36dfaa4a6 n/a (codium + 0x56944a6)
                #6  0x00005ed36dfab108 n/a (codium + 0x5695108)
                #7  0x00005ed36dfaad5d n/a (codium + 0x5694d5d)
                #8  0x00005ed36dfaac70 n/a (codium + 0x5694c70)
                #9  0x00005ed36dfc5455 n/a (codium + 0x56af455)
                #10 0x000070bf352ec55a n/a (libc.so.6 + 0x8b55a)
                #11 0x000070bf35369a3c n/a (libc.so.6 + 0x108a3c)
                
                Stack trace of thread 56282:
                #0  0x000070bf352e8ebe n/a (libc.so.6 + 0x87ebe)
                #1  0x000070bf352eb750 pthread_cond_wait (libc.so.6 + 0x8a750)
                #2  0x00005ed36aba79b9 uv_cond_wait (codium + 0x22919b9)
                #3  0x00005ed36ab987c8 n/a (codium + 0x22827c8)
                #4  0x000070bf352ec55a n/a (libc.so.6 + 0x8b55a)
                #5  0x000070bf35369a3c n/a (libc.so.6 + 0x108a3c)
                
                Stack trace of thread 56306:
                #0  0x000070bf352e8ebe n/a (libc.so.6 + 0x87ebe)
                #1  0x000070bf352eba65 pthread_cond_timedwait (libc.so.6 + 0x8aa65)
                #2  0x00005ed36dfc4d10 n/a (codium + 0x56aed10)
                #3  0x00005ed36dfee8b7 n/a (codium + 0x56d88b7)
                #4  0x00005ed36df6fcee n/a (codium + 0x5659cee)
                #5  0x00005ed36dfaa4a6 n/a (codium + 0x56944a6)
                #6  0x00005ed36dfab108 n/a (codium + 0x5695108)
                #7  0x00005ed36dfaad8d n/a (codium + 0x5694d8d)
                #8  0x00005ed36dfaac7a n/a (codium + 0x5694c7a)
                #9  0x00005ed36dfc5455 n/a (codium + 0x56af455)
                #10 0x000070bf352ec55a n/a (libc.so.6 + 0x8b55a)
                #11 0x000070bf35369a3c n/a (libc.so.6 + 0x108a3c)
                
                Stack trace of thread 56330:
                #0  0x000070bf353672fc __select (libc.so.6 + 0x1062fc)
                #1  0x000070bf303b7ed0 _ZN15vscode_keyboard15ListenToXEventsEPv (keymapping.node + 0x6ed0)
                #2  0x000070bf352ec55a n/a (libc.so.6 + 0x8b55a)
                #3  0x000070bf35369a3c n/a (libc.so.6 + 0x108a3c)
                ELF object binary architecture: AMD x86-64
```

## Very basic analysis with gdb

I can't get debug symbols to work and don't have any experience with debugging x86 systems and non C code...

```txt
(gdb) bt
#0  0x00006093d4076fea in ?? ()
#1  0x3f19999a00000000 in ?? ()
#2  0x3d75c28f3e19999a in ?? ()
#3  0x3ea872b03ea01a37 in ?? ()
#4  0x3f800000434b0000 in ?? ()
#5  0x0000000800000018 in ?? ()
#6  0x00007ffc519b7074 in ?? ()
#7  0x0000000000000000 in ?? ()
(gdb) info registers
rax            0x1010101           16843009
rbx            0x7ffc519b7098      140721677627544
rcx            0x7ffc519b7098      140721677627544
rdx            0x1                 1
rsi            0x293c00ec3800      45337690257408
rdi            0x293c00ec4980      45337690261888
rbp            0x7ffc519b7080      0x7ffc519b7080
rsp            0x7ffc519b6fc0      0x7ffc519b6fc0
r8             0x1                 1
r9             0x0                 0
r10            0x0                 0
r11            0x0                 0
r12            0x1010101           16843009
r13            0x293c00ec4980      45337690261888
r14            0x293c00ec3800      45337690257408
r15            0x7ffc519b7110      140721677627664
rip            0x6093d4076fea      0x6093d4076fea
eflags         0x10202             [ IF RF ]
cs             0x33                51
ss             0x2b                43
ds             0x0                 0
es             0x0                 0
fs             0x0                 0
gs             0x0                 0
fs_base        0x7c0fc4088f40      136407155248960
gs_base        0x0                 0
(gdb) x/10i $pc
=> 0x6093d4076fea:      mov    0x28(%rax),%rax
   0x6093d4076fee:      test   %rax,%rax
   0x6093d4076ff1:      jne    0x6093d4076fe7
   0x6093d4076ff3:      mov    0x108(%r14),%rax
   0x6093d4076ffa:      test   %rax,%rax
   0x6093d4076ffd:      cmove  %r14,%rax
   0x6093d4077001:      mov    %rax,%rcx
   0x6093d4077004:      mov    0x28(%rax),%rax
   0x6093d4077008:      test   %rax,%rax
   0x6093d407700b:      jne    0x6093d4077001
```

**Comment by oniGino** [comment]
> > If vscodium is started without wayland, then vscodium is started with wayland it will work. Then the xorg window can be closed and it will continue to work.
> 
> That's because when an instance of code is already open, it will just use the settings of the first window. so if you start one in X and then in Wayland, both will be X and if you start one in Wayland and then one in X, both will be Wayland.
> 
> # Same bug here but only on 1 out of 2 systems
> 
> I've tried downgrading till about 1.83 and the bug still occurs!
> 
> ## Working system:
> 
> Arch Linux
> KDE Plasma 6.0RC2
> Wayland
> Normal kernel
> Acer Nitro 5
> Dedicated Nvidia GPU with proprietary driver
> 
> ## Non-working system:
> 
> Arch Linux
> KDE Plasma 6.0RC2
> Wayland
> Zen Kernel (Also doesn't work with the normal kernel)
> Lenovo Thinkpad X1 Yoga Gen 8
> Integrated Graphics on Intel Evo
> 
> ## Verbose output from `codium`:
> 
> ```bash
> $ codium --enable-features=UseOzonePlatform --ozone-platform=wayland --verbose
> Warning: 'enable-features' is not in the list of known options, but still passed to Electron/Chromium.
> Warning: 'ozone-platform' is not in the list of known options, but still passed to Electron/Chromium.
> [56240:0213/193903.090607:WARNING:wayland_object.cc(157)] Binding to wl_seat version 8 but version 9 is available.
> [56240:0213/193903.090671:WARNING:wayland_object.cc(157)] Binding to zwp_pointer_gestures_v1 version 1 but version 3 is available.
> [56240:0213/193903.090778:WARNING:wayland_object.cc(157)] Binding to zwp_linux_dmabuf_v1 version 3 but version 4 is available.
> [56240:0213/193903.194571:WARNING:bluez_dbus_manager.cc(247)] Floss manager not present, cannot set Floss enable/disable.
> [56277:0213/193903.273009:WARNING:sandbox_linux.cc(393)] InitializeSandbox() called with multiple threads in process gpu-process.
> [main 2024-02-13T18:39:03.272Z] [File Watcher (node.js)] Request to start watching: /home/user/.config/VSCodium/User (excludes: <none>, includes: <all>, correlationId: <none>),/home/user/.config/VSCodium/User/settings.json (excludes: <none>, includes: <all>, correlationId: <none>)
> [main 2024-02-13T18:39:03.294Z] Starting VSCodium
> [main 2024-02-13T18:39:03.295Z] from: /usr/share/vscodium/resources/app
> [main 2024-02-13T18:39:03.295Z] args: {
>   _: [],
>   diff: false,
>   merge: false,
>   add: false,
>   goto: false,
>   'new-window': false,
>   'reuse-window': false,
>   wait: false,
>   help: false,
>   'list-extensions': false,
>   'show-versions': false,
>   'pre-release': false,
>   version: false,
>   verbose: true,
>   status: false,
>   'prof-startup': false,
>   'no-cached-data': false,
>   'prof-v8-extensions': false,
>   'disable-extensions': false,
>   'disable-gpu': false,
>   'disable-chromium-sandbox': false,
>   'ms-enable-electron-run-as-node': true,
>   telemetry: false,
>   debugRenderer: false,
>   'enable-smoke-test-driver': false,
>   logExtensionHostCommunication: false,
>   'skip-release-notes': false,
>   'skip-welcome': false,
>   'disable-telemetry': false,
>   'disable-updates': false,
>   'use-inmemory-secretstorage': false,
>   'disable-workspace-trust': false,
>   'disable-crash-reporter': false,
>   'skip-add-to-recently-opened': false,
>   'unity-launch': false,
>   'open-url': false,
>   'file-write': false,
>   'file-chmod': false,
>   force: false,
>   'do-not-sync': false,
>   trace: false,
>   'force-user-env': false,
>   'force-disable-user-env': false,
>   'open-devtools': false,
>   'disable-gpu-sandbox': false,
>   '__enable-file-policy': false,
>   'enable-coi': false,
>   'no-proxy-server': false,
>   'no-sandbox': false,
>   nolazy: false,
>   'force-renderer-accessibility': false,
>   'ignore-certificate-errors': false,
>   'allow-insecure-localhost': false,
>   'disable-dev-shm-usage': false,
>   'profile-temp': false,
>   logsPath: '/home/user/.config/VSCodium/logs/20240213T193903'
> }
> [main 2024-02-13T18:39:03.296Z] Resolving machine identifier...
> [main 2024-02-13T18:39:03.296Z] Resolved machine identifier: e1518c4159483c89bc138f9faeef6d3bb86b97ae41588a45669262d7861928e1
> [main 2024-02-13T18:39:03.297Z] Main->SharedProcess#connect
> [main 2024-02-13T18:39:03.303Z] [File Watcher (node.js)] Started watching: '/home/user/.config/VSCodium/User'
> [main 2024-02-13T18:39:03.304Z] [File Watcher (node.js)] Started watching: '/home/user/.config/VSCodium/User/settings.json'
> [main 2024-02-13T18:39:03.307Z] StorageMainService: creating application storage
> [main 2024-02-13T18:39:03.313Z] ElectronURLListener: waiting for window to be ready to handle URLs...
> [main 2024-02-13T18:39:03.313Z] lifecycle (main): phase changed (value: 2)
> [main 2024-02-13T18:39:03.314Z] windowsManager#open
> [main 2024-02-13T18:39:03.316Z] windowsManager#open pathsToOpen [
>   {
>     workspace: { id: 'e49571f8de0c87ec3813835242a0318e', uri: [m] },
>     type: 2,
>     exists: true
>   }
> ]
> [main 2024-02-13T18:39:03.317Z] windowsManager#doOpenFolderOrWorkspace {
>   folderOrWorkspace: {
>     workspace: { id: 'e49571f8de0c87ec3813835242a0318e', uri: [m] },
>     type: 2,
>     exists: true
>   },
>   filesToOpen: undefined
> }
> [main 2024-02-13T18:39:03.318Z] IPC Object URL: Registered new channel vscode:6cd0033c-a525-4b51-b7eb-7703f303b83c.
> [main 2024-02-13T18:39:03.318Z] window#validateWindowState: validating window state on 1 display(s) { mode: 0, x: 504, y: 70, width: 768, height: 464 }
> [main 2024-02-13T18:39:03.319Z] window#validateWindowState: 1 monitor working area { x: 0, y: 0, width: 1536, height: 960 }
> [main 2024-02-13T18:39:03.319Z] window#ctor: using window state { mode: 0, x: 504, y: 70, width: 768, height: 464 }
> [56240:0213/193903.325170:WARNING:wayland_surface.cc(165)] Server doesn't support zcr_alpha_compositing_v1.
> [56240:0213/193903.325186:WARNING:wayland_surface.cc(180)] Server doesn't support overlay_prioritizer.
> [56240:0213/193903.325190:WARNING:wayland_surface.cc(194)] Server doesn't support surface_augmenter.
> [56240:0213/193903.325192:WARNING:wayland_surface.cc(228)] Server doesn't support zcr_color_management_surface.
> [56240:0213/193903.325419:WARNING:cursor_loader.cc(136)] Failed to load a platform cursor of type kNull
> [main 2024-02-13T18:39:03.340Z] window#load: attempt to load window (id: 1)
> [main 2024-02-13T18:39:03.351Z] StorageMainService: creating workspace storage (e49571f8de0c87ec3813835242a0318e)
> [main 2024-02-13T18:39:03.354Z] windowsManager#open used window count 1 (workspacesToOpen: 0, foldersToOpen: 1, emptyToRestore: 0, emptyToOpen: 0)
> [main 2024-02-13T18:39:03.355Z] lifecycle (main): phase changed (value: 3)
> [main 2024-02-13T18:39:03.355Z] resolveShellEnv(): skipped (VSCODE_CLI is set)
> [main 2024-02-13T18:39:03.356Z] update#setState disabled
> [main 2024-02-13T18:39:03.356Z] update#ctor - updates are disabled as there is no update URL
> ```
> 
> ## Log(s) from ~/.config/VSCodium/logs
> 
> There is only the main.log file because it segfaulted before it was able to create more.
> 
> ### main.log
> 
> ```log
> 2024-02-13 19:31:46.423 [trace] [File Watcher (node.js)] Request to start watching: /home/user/.config/VSCodium/User (excludes: <none>, includes: <all>, correlationId: <none>),/home/user/.config/VSCodium/User/settings.json (excludes: <none>, includes: <all>, correlationId: <none>)
> 2024-02-13 19:31:46.423 [debug] Starting VSCodium
> 2024-02-13 19:31:46.423 [debug] from: /usr/share/vscodium/resources/app
> 2024-02-13 19:31:46.423 [debug] args: {"_":[],"diff":false,"merge":false,"add":false,"goto":false,"new-window":false,"reuse-window":false,"wait":false,"help":false,"list-extensions":false,"show-versions":false,"pre-release":false,"version":false,"verbose":true,"status":false,"prof-startup":false,"no-cached-data":false,"prof-v8-extensions":false,"disable-extensions":false,"disable-gpu":false,"disable-chromium-sandbox":false,"ms-enable-electron-run-as-node":true,"telemetry":false,"debugRenderer":false,"enable-smoke-test-driver":false,"logExtensionHostCommunication":false,"skip-release-notes":false,"skip-welcome":false,"disable-telemetry":false,"disable-updates":false,"use-inmemory-secretstorage":false,"disable-workspace-trust":false,"disable-crash-reporter":false,"skip-add-to-recently-opened":false,"unity-launch":false,"open-url":false,"file-write":false,"file-chmod":false,"force":false,"do-not-sync":false,"trace":false,"force-user-env":false,"force-disable-user-env":false,"open-devtools":false,"disable-gpu-sandbox":false,"__enable-file-policy":false,"enable-coi":false,"no-proxy-server":false,"no-sandbox":false,"nolazy":false,"force-renderer-accessibility":false,"ignore-certificate-errors":false,"allow-insecure-localhost":false,"disable-dev-shm-usage":false,"profile-temp":false,"logsPath":"/home/user/.config/VSCodium/logs/20240213T193146"}
> 2024-02-13 19:31:46.423 [trace] Resolving machine identifier...
> 2024-02-13 19:31:46.423 [trace] Resolved machine identifier: e1518c4159483c89bc138f9faeef6d3bb86b97ae41588a45669262d7861928e1
> 2024-02-13 19:31:46.423 [trace] Main->SharedProcess#connect
> 2024-02-13 19:31:46.423 [trace] [File Watcher (node.js)] Started watching: '/home/user/.config/VSCodium/User'
> 2024-02-13 19:31:46.423 [trace] [File Watcher (node.js)] Started watching: '/home/user/.config/VSCodium/User/settings.json'
> 2024-02-13 19:31:46.425 [trace] StorageMainService: creating application storage
> 2024-02-13 19:31:46.429 [trace] ElectronURLListener: waiting for window to be ready to handle URLs...
> 2024-02-13 19:31:46.429 [trace] lifecycle (main): phase changed (value: 2)
> 2024-02-13 19:31:46.429 [trace] windowsManager#open
> 2024-02-13 19:31:46.430 [trace] windowsManager#open pathsToOpen [{"workspace":{"id":"e49571f8de0c87ec3813835242a0318e","uri":{"$mid":1,"fsPath":"/home/user/.config/VSCodium/logs","path":"/home/user/.config/VSCodium/logs","scheme":"file"}},"type":2,"exists":true}]
> 2024-02-13 19:31:46.431 [trace] windowsManager#doOpenFolderOrWorkspace {"folderOrWorkspace":{"workspace":{"id":"e49571f8de0c87ec3813835242a0318e","uri":{"$mid":1,"fsPath":"/home/user/.config/VSCodium/logs","external":"file:///home/user/.config/VSCodium/logs","path":"/home/user/.config/VSCodium/logs","scheme":"file"}},"type":2,"exists":true}}
> 2024-02-13 19:31:46.432 [trace] IPC Object URL: Registered new channel vscode:a71d4378-46b1-4fb1-a20f-0d530be305e6.
> 2024-02-13 19:31:46.432 [trace] window#validateWindowState: validating window state on 1 display(s) {"mode":0,"x":504,"y":70,"width":768,"height":464}
> 2024-02-13 19:31:46.432 [trace] window#validateWindowState: 1 monitor working area {"x":0,"y":0,"width":1536,"height":960}
> 2024-02-13 19:31:46.432 [trace] window#ctor: using window state {"mode":0,"x":504,"y":70,"width":768,"height":464}
> 2024-02-13 19:31:46.453 [trace] window#load: attempt to load window (id: 1)
> 2024-02-13 19:31:46.460 [trace] StorageMainService: creating workspace storage (e49571f8de0c87ec3813835242a0318e)
> 2024-02-13 19:31:46.461 [trace] windowsManager#open used window count 1 (workspacesToOpen: 0, foldersToOpen: 1, emptyToRestore: 0, emptyToOpen: 0)
> 2024-02-13 19:31:46.461 [trace] lifecycle (main): phase changed (value: 3)
> 2024-02-13 19:31:46.461 [trace] resolveShellEnv(): skipped (VSCODE_CLI is set)
> 2024-02-13 19:31:46.462 [info] update#setState disabled
> 2024-02-13 19:31:46.462 [info] update#ctor - updates are disabled as there is no update URL
> ```
> 
> ## `journalctl` output
> 
> ```bash
> $ journalctl --since "1 minute ago"
> Feb 13 19:39:03 archlinux kwin_wayland[1821]: kwin_core: Cannot grant a token to KWin::ClientConnection(0x5ed46bdbb740)
> Feb 13 19:39:03 archlinux kernel: codium[56240]: segfault at 1010129 ip 00005ed36f77cfea sp 00007ffc0a9fa930 error 4 in codium[5ed36a80b000+785e000] likely on CPU 2 (core 4, socket 0)
> Feb 13 19:39:03 archlinux kernel: Code: 98 00 00 00 89 55 d4 48 39 f7 0f 84 05 01 00 00 48 89 cb 49 89 f6 49 89 fd 48 8b 87 08 01 00 00 48 85 c0 48 0f 44 c7 49 89 c4 <48> 8b 40 28 48 85 c>
> Feb 13 19:39:03 archlinux systemd[1]: Started Process Core Dump (PID 56331/UID 0).
> Feb 13 19:39:03 archlinux systemd[1]: Started Pass systemd-coredump journal entries to relevant user for potential DrKonqi handling.
> Feb 13 19:39:03 archlinux wpa_supplicant[1345]: wlan0: CTRL-EVENT-SIGNAL-CHANGE above=1 signal=-32 noise=9999 txrate=144400
> Feb 13 19:39:03 archlinux systemd-coredump[56332]: [🡕] Process 56240 (codium) of user 1000 dumped core.
>                                                    
>                                                    Stack trace of thread 56240:
>                                                    #0  0x00005ed36f77cfea n/a (codium + 0x6e66fea)
>                                                    #1  0x00005ed36f655e44 n/a (codium + 0x6d3fe44)
>                                                    #2  0x00005ed36f661fe0 n/a (codium + 0x6d4bfe0)
>                                                    #3  0x00005ed36f65a0c9 n/a (codium + 0x6d440c9)
>                                                    #4  0x00005ed36f77e7b6 n/a (codium + 0x6e687b6)
>                                                    #5  0x00005ed36f78e860 n/a (codium + 0x6e78860)
>                                                    #6  0x00005ed36f6565eb n/a (codium + 0x6d405eb)
>                                                    #7  0x00005ed36d55ab5d n/a (codium + 0x4c44b5d)
>                                                    #8  0x00005ed36d693192 n/a (codium + 0x4d7d192)
>                                                    #9  0x00005ed36f659f69 n/a (codium + 0x6d43f69)
>                                                    #10 0x00005ed36f77e7b6 n/a (codium + 0x6e687b6)
>                                                    #11 0x00005ed36f78e860 n/a (codium + 0x6e78860)
>                                                    #12 0x00005ed36f6565eb n/a (codium + 0x6d405eb)
>                                                    #13 0x00005ed371cd4834 n/a (codium + 0x93be834)
>                                                    #14 0x00005ed371cd34bf n/a (codium + 0x93bd4bf)
>                                                    #15 0x00005ed371c450c6 n/a (codium + 0x932f0c6)
>                                                    #16 0x00005ed371cd22b7 n/a (codium + 0x93bc2b7)
>                                                    #17 0x00005ed371c4502d n/a (codium + 0x932f02d)
>                                                    #18 0x00005ed36ad5a56a n/a (codium + 0x244456a)
>                                                    #19 0x00005ed371c450c6 n/a (codium + 0x932f0c6)
>                                                    #20 0x00005ed36ad5fa02 n/a (codium + 0x2449a02)
>                                                    #21 0x00005ed371c450c6 n/a (codium + 0x932f0c6)
>                                                    #22 0x00005ed371c3ef14 n/a (codium + 0x9328f14)
>                                                    #23 0x00005ed371c3edd1 n/a (codium + 0x9328dd1)
>                                                    #24 0x00005ed371c3eb58 n/a (codium + 0x9328b58)
>                                                    #25 0x00005ed371c48309 n/a (codium + 0x9332309)
>                                                    #26 0x00005ed371c450c6 n/a (codium + 0x932f0c6)
>                                                    #27 0x00005ed371c71ca1 n/a (codium + 0x935bca1)
>                                                    #28 0x00005ed371c450c6 n/a (codium + 0x932f0c6)
>                                                    #29 0x00005ed371c72c4d n/a (codium + 0x935cc4d)
>                                                    #30 0x00005ed371c450c6 n/a (codium + 0x932f0c6)
>                                                    #31 0x00005ed371c513dc n/a (codium + 0x933b3dc)
>                                                    #32 0x00005ed371c48309 n/a (codium + 0x9332309)
>                                                    #33 0x00005ed371c450c6 n/a (codium + 0x932f0c6)
>                                                    #34 0x00005ed371c45da2 n/a (codium + 0x932fda2)
>                                                    #35 0x00005ed371c5fece n/a (codium + 0x9349ece)
>                                                    #36 0x00005ed371c8c647 n/a (codium + 0x9376647)
>                                                    #37 0x00005ed36f680147 n/a (codium + 0x6d6a147)
>                                                    #38 0x00005ed36f76e297 n/a (codium + 0x6e58297)
>                                                    #39 0x00005ed36ad4515e n/a (codium + 0x242f15e)
>                                                    #40 0x00005ed36f76e985 n/a (codium + 0x6e58985)
>                                                    #41 0x00005ed36b6bfe39 n/a (codium + 0x2da9e39)
>                                                    #42 0x00005ed36b6bfa9e n/a (codium + 0x2da9a9e)
>                                                    #43 0x00005ed36b6bf894 n/a (codium + 0x2da9894)
>                                                    #44 0x00005ed36b6cf2b5 n/a (codium + 0x2db92b5)
>                                                    #45 0x00005ed36ab4d025 n/a (codium + 0x2237025)
>                                                    #46 0x00005ed36ab4c579 n/a (codium + 0x2236579)
> ```
> 
> ## Coredump
> 
> ```bash
> $ user ~ coredumpctl dump codium --output=coredump
>            PID: 56240 (codium)
>            UID: 1000 (user)
>            GID: 1000 (user)
>         Signal: 11 (SEGV)
>      Timestamp: Tue 2024-02-13 19:39:03 CET (17min ago)
>   Command Line: $'/usr/share/vscodium/codium --ms-enable-electron-run-as-node --enable-features=UseOzonePlatform --ozone-platform=wayland --verbose'
>     Executable: /usr/share/vscodium/codium
>  Control Group: /user.slice/user-1000.slice/user@1000.service/app.slice/app-org.kde.konsole-a55850d536c148ee8afe89492131c87d.scope
>           Unit: user@1000.service
>      User Unit: app-org.kde.konsole-a55850d536c148ee8afe89492131c87d.scope
>          Slice: user-1000.slice
>      Owner UID: 1000 (user)
>        Boot ID: 20158ce793634e72b805dd01eebf46af
>     Machine ID: b52a1e977db846e8a677346529debfc6
>       Hostname: archlinux
>        Storage: /var/lib/systemd/coredump/core.codium.1000.20158ce793634e72b805dd01eebf46af.56240.1707849543000000.zst (present)
>   Size on Disk: 8.6M
>        Message: Process 56240 (codium) of user 1000 dumped core.
>                 
>                 Stack trace of thread 56240:
>                 #0  0x00005ed36f77cfea n/a (codium + 0x6e66fea)
>                 #1  0x00005ed36f655e44 n/a (codium + 0x6d3fe44)
>                 #2  0x00005ed36f661fe0 n/a (codium + 0x6d4bfe0)
>                 #3  0x00005ed36f65a0c9 n/a (codium + 0x6d440c9)
>                 #4  0x00005ed36f77e7b6 n/a (codium + 0x6e687b6)
>                 #5  0x00005ed36f78e860 n/a (codium + 0x6e78860)
>                 #6  0x00005ed36f6565eb n/a (codium + 0x6d405eb)
>                 #7  0x00005ed36d55ab5d n/a (codium + 0x4c44b5d)
>                 #8  0x00005ed36d693192 n/a (codium + 0x4d7d192)
>                 #9  0x00005ed36f659f69 n/a (codium + 0x6d43f69)
>                 #10 0x00005ed36f77e7b6 n/a (codium + 0x6e687b6)
>                 #11 0x00005ed36f78e860 n/a (codium + 0x6e78860)
>                 #12 0x00005ed36f6565eb n/a (codium + 0x6d405eb)
>                 #13 0x00005ed371cd4834 n/a (codium + 0x93be834)
>                 #14 0x00005ed371cd34bf n/a (codium + 0x93bd4bf)
>                 #15 0x00005ed371c450c6 n/a (codium + 0x932f0c6)
>                 #16 0x00005ed371cd22b7 n/a (codium + 0x93bc2b7)
>                 #17 0x00005ed371c4502d n/a (codium + 0x932f02d)
>                 #18 0x00005ed36ad5a56a n/a (codium + 0x244456a)
>                 #19 0x00005ed371c450c6 n/a (codium + 0x932f0c6)
>                 #20 0x00005ed36ad5fa02 n/a (codium + 0x2449a02)
>                 #21 0x00005ed371c450c6 n/a (codium + 0x932f0c6)
>                 #22 0x00005ed371c3ef14 n/a (codium + 0x9328f14)
>                 #23 0x00005ed371c3edd1 n/a (codium + 0x9328dd1)
>                 #24 0x00005ed371c3eb58 n/a (codium + 0x9328b58)
>                 #25 0x00005ed371c48309 n/a (codium + 0x9332309)
>                 #26 0x00005ed371c450c6 n/a (codium + 0x932f0c6)
>                 #27 0x00005ed371c71ca1 n/a (codium + 0x935bca1)
>                 #28 0x00005ed371c450c6 n/a (codium + 0x932f0c6)
>                 #29 0x00005ed371c72c4d n/a (codium + 0x935cc4d)
>                 #30 0x00005ed371c450c6 n/a (codium + 0x932f0c6)
>                 #31 0x00005ed371c513dc n/a (codium + 0x933b3dc)
>                 #32 0x00005ed371c48309 n/a (codium + 0x9332309)
>                 #33 0x00005ed371c450c6 n/a (codium + 0x932f0c6)
>                 #34 0x00005ed371c45da2 n/a (codium + 0x932fda2)
>                 #35 0x00005ed371c5fece n/a (codium + 0x9349ece)
>                 #36 0x00005ed371c8c647 n/a (codium + 0x9376647)
>                 #37 0x00005ed36f680147 n/a (codium + 0x6d6a147)
>                 #38 0x00005ed36f76e297 n/a (codium + 0x6e58297)
>                 #39 0x00005ed36ad4515e n/a (codium + 0x242f15e)
>                 #40 0x00005ed36f76e985 n/a (codium + 0x6e58985)
>                 #41 0x00005ed36b6bfe39 n/a (codium + 0x2da9e39)
>                 #42 0x00005ed36b6bfa9e n/a (codium + 0x2da9a9e)
>                 #43 0x00005ed36b6bf894 n/a (codium + 0x2da9894)
>                 #44 0x00005ed36b6cf2b5 n/a (codium + 0x2db92b5)
>                 #45 0x00005ed36ab4d025 n/a (codium + 0x2237025)
>                 #46 0x00005ed36ab4c579 n/a (codium + 0x2236579)
>                 #47 0x00005ed36ef94257 n/a (codium + 0x667e257)
>                 #48 0x00005ed36ef9274a n/a (codium + 0x667c74a)
>                 #49 0x00005ed36ef921bd wl_display_dispatch_queue_pending (codium + 0x667c1bd)
>                 #50 0x00005ed36b6e2996 n/a (codium + 0x2dcc996)
>                 #51 0x00005ed36b6e32bd n/a (codium + 0x2dcd2bd)
>                 #52 0x000070bf3670df69 n/a (libglib-2.0.so.0 + 0x59f69)
>                 #53 0x000070bf3676c3a7 n/a (libglib-2.0.so.0 + 0xb83a7)
>                 #54 0x000070bf3670c162 g_main_context_iteration (libglib-2.0.so.0 + 0x58162)
>                 #55 0x00005ed36dff1dcc n/a (codium + 0x56dbdcc)
>                 #56 0x00005ed36df91a0c n/a (codium + 0x567ba0c)
>                 #57 0x00005ed36df53a61 n/a (codium + 0x563da61)
>                 #58 0x00005ed36d0a1e3f n/a (codium + 0x478be3f)
>                 #59 0x00005ed36d0a3c22 n/a (codium + 0x478dc22)
>                 #60 0x00005ed36d09f469 n/a (codium + 0x4789469)
>                 #61 0x00005ed36ae7a424 n/a (codium + 0x2564424)
>                 #62 0x00005ed36ae7bcae n/a (codium + 0x2565cae)
>                 #63 0x00005ed36ae7bac8 n/a (codium + 0x2565ac8)
>                 
>                 Stack trace of thread 56241:
>                 #0  0x000070bf3535c0bf __poll (libc.so.6 + 0xfb0bf)
>                 #1  0x00005ed36d6f3384 n/a (codium + 0x4ddd384)
>                 #2  0x00005ed36dfc5455 n/a (codium + 0x56af455)
>                 #3  0x000070bf352ec55a n/a (libc.so.6 + 0x8b55a)
>                 #4  0x000070bf35369a3c n/a (libc.so.6 + 0x108a3c)
>                 
>                 Stack trace of thread 56249:
>                 #0  0x000070bf352d8076 _IO_fread (libc.so.6 + 0x77076)
>                 #1  0x00005ed36efa8fdb n/a (codium + 0x6692fdb)
>                 #2  0x00005ed36efa8bcc n/a (codium + 0x6692bcc)
>                 #3  0x00005ed36efa79ed wl_cursor_theme_load (codium + 0x66919ed)
>                 #4  0x00005ed36b6d7129 n/a (codium + 0x2dc1129)
>                 #5  0x00005ed36dfaf75b n/a (codium + 0x569975b)
>                 #6  0x00005ed36df72d7d n/a (codium + 0x565cd7d)
>                 #7  0x00005ed36dfa1e86 n/a (codium + 0x568be86)
>                 #8  0x00005ed36dfa1536 n/a (codium + 0x568b536)
>                 #9  0x00005ed36dfa1101 n/a (codium + 0x568b101)
>                 #10 0x00005ed36dfab018 n/a (codium + 0x5695018)
>                 #11 0x00005ed36dfaad5d n/a (codium + 0x5694d5d)
>                 #12 0x00005ed36dfaac70 n/a (codium + 0x5694c70)
>                 #13 0x00005ed36dfc5455 n/a (codium + 0x56af455)
>                 #14 0x000070bf352ec55a n/a (libc.so.6 + 0x8b55a)
>                 #15 0x000070bf35369a3c n/a (libc.so.6 + 0x108a3c)
>                 
>                 Stack trace of thread 56250:
>                 #0  0x000070bf352e8ebe n/a (libc.so.6 + 0x87ebe)
>                 #1  0x000070bf352eba65 pthread_cond_timedwait (libc.so.6 + 0x8aa65)
>                 #2  0x00005ed36dfc4d10 n/a (codium + 0x56aed10)
>                 #3  0x00005ed36dfee8b7 n/a (codium + 0x56d88b7)
>                 #4  0x00005ed36df6fcee n/a (codium + 0x5659cee)
>                 #5  0x00005ed36dfaa4a6 n/a (codium + 0x56944a6)
>                 #6  0x00005ed36dfab108 n/a (codium + 0x5695108)
>                 #7  0x00005ed36dfaad5d n/a (codium + 0x5694d5d)
>                 #8  0x00005ed36dfaac70 n/a (codium + 0x5694c70)
>                 #9  0x00005ed36dfc5455 n/a (codium + 0x56af455)
>                 #10 0x000070bf352ec55a n/a (libc.so.6 + 0x8b55a)
>                 #11 0x000070bf35369a3c n/a (libc.so.6 + 0x108a3c)
>                 
>                 Stack trace of thread 56252:
>                 #0  0x000070bf35369e66 epoll_wait (libc.so.6 + 0x108e66)
>                 #1  0x00005ed36e10f944 n/a (codium + 0x57f9944)
>                 #2  0x00005ed36e10d66f n/a (codium + 0x57f766f)
>                 #3  0x00005ed36dfe9009 n/a (codium + 0x56d3009)
>                 #4  0x00005ed36df91a0c n/a (codium + 0x567ba0c)
>                 #5  0x00005ed36df53a61 n/a (codium + 0x563da61)
>                 #6  0x00005ed36dfb2458 n/a (codium + 0x569c458)
>                 #7  0x00005ed36d0a4a3f n/a (codium + 0x478ea3f)
>                 #8  0x00005ed36dfb25f8 n/a (codium + 0x569c5f8)
>                 #9  0x00005ed36dfc5455 n/a (codium + 0x56af455)
>                 #10 0x000070bf352ec55a n/a (libc.so.6 + 0x8b55a)
>                 #11 0x000070bf35369a3c n/a (libc.so.6 + 0x108a3c)
>                 
>                 Stack trace of thread 56257:
>                 #0  0x000070bf352e8ebe n/a (libc.so.6 + 0x87ebe)
>                 #1  0x000070bf352eb750 pthread_cond_wait (libc.so.6 + 0x8a750)
>                 #2  0x00005ed36aba79b9 uv_cond_wait (codium + 0x22919b9)
>                 #3  0x00005ed371e5725e n/a (codium + 0x954125e)
>                 #4  0x000070bf352ec55a n/a (libc.so.6 + 0x8b55a)
>                 #5  0x000070bf35369a3c n/a (libc.so.6 + 0x108a3c)
>                 
>                 Stack trace of thread 56251:
>                 #0  0x000070bf352e8ebe n/a (libc.so.6 + 0x87ebe)
>                 #1  0x000070bf352eba65 pthread_cond_timedwait (libc.so.6 + 0x8aa65)
>                 #2  0x00005ed36dfc4d10 n/a (codium + 0x56aed10)
>                 #3  0x00005ed36dfee8b7 n/a (codium + 0x56d88b7)
>                 #4  0x00005ed36df6fcee n/a (codium + 0x5659cee)
>                 #5  0x00005ed36dfaa4a6 n/a (codium + 0x56944a6)
>                 #6  0x00005ed36dfab108 n/a (codium + 0x5695108)
>                 #7  0x00005ed36dfaad8d n/a (codium + 0x5694d8d)
>                 #8  0x00005ed36dfaac7a n/a (codium + 0x5694c7a)
>                 #9  0x00005ed36dfc5455 n/a (codium + 0x56af455)
>                 #10 0x000070bf352ec55a n/a (libc.so.6 + 0x8b55a)
>                 #11 0x000070bf35369a3c n/a (libc.so.6 + 0x108a3c)
>                 
>                 Stack trace of thread 56274:
>                 #0  0x000070bf352e8ebe n/a (libc.so.6 + 0x87ebe)
>                 #1  0x000070bf352eba65 pthread_cond_timedwait (libc.so.6 + 0x8aa65)
>                 #2  0x00005ed36dfc4d10 n/a (codium + 0x56aed10)
>                 #3  0x00005ed36dfee8b7 n/a (codium + 0x56d88b7)
>                 #4  0x00005ed36df6fcee n/a (codium + 0x5659cee)
>                 #5  0x00005ed36dfaa4a6 n/a (codium + 0x56944a6)
>                 #6  0x00005ed36dfab108 n/a (codium + 0x5695108)
>                 #7  0x00005ed36dfaadbd n/a (codium + 0x5694dbd)
>                 #8  0x00005ed36dfaac84 n/a (codium + 0x5694c84)
>                 #9  0x00005ed36dfc5455 n/a (codium + 0x56af455)
>                 #10 0x000070bf352ec55a n/a (libc.so.6 + 0x8b55a)
>                 #11 0x000070bf35369a3c n/a (libc.so.6 + 0x108a3c)
>                 
>                 Stack trace of thread 56320:
>                 #0  0x000070bf35369e66 epoll_wait (libc.so.6 + 0x108e66)
>                 #1  0x00005ed36e10f944 n/a (codium + 0x57f9944)
>                 #2  0x00005ed36e10d66f n/a (codium + 0x57f766f)
>                 #3  0x00005ed36dfe90c7 n/a (codium + 0x56d30c7)
>                 #4  0x00005ed36df91a0c n/a (codium + 0x567ba0c)
>                 #5  0x00005ed36df53a61 n/a (codium + 0x563da61)
>                 #6  0x00005ed36dfb2458 n/a (codium + 0x569c458)
>                 #7  0x00005ed36dfb25f8 n/a (codium + 0x569c5f8)
>                 #8  0x00005ed36dfc5455 n/a (codium + 0x56af455)
>                 #9  0x000070bf352ec55a n/a (libc.so.6 + 0x8b55a)
>                 #10 0x000070bf35369a3c n/a (libc.so.6 + 0x108a3c)
>                 
>                 Stack trace of thread 56269:
>                 #0  0x000070bf352e8ebe n/a (libc.so.6 + 0x87ebe)
>                 #1  0x000070bf352eba65 pthread_cond_timedwait (libc.so.6 + 0x8aa65)
>                 #2  0x00005ed36dfc4d10 n/a (codium + 0x56aed10)
>                 #3  0x00005ed36dfee8b7 n/a (codium + 0x56d88b7)
>                 #4  0x00005ed36df6fcee n/a (codium + 0x5659cee)
>                 #5  0x00005ed36dfaa4a6 n/a (codium + 0x56944a6)
>                 #6  0x00005ed36dfab108 n/a (codium + 0x5695108)
>                 #7  0x00005ed36dfaad5d n/a (codium + 0x5694d5d)
>                 #8  0x00005ed36dfaac70 n/a (codium + 0x5694c70)
>                 #9  0x00005ed36dfc5455 n/a (codium + 0x56af455)
>                 #10 0x000070bf352ec55a n/a (libc.so.6 + 0x8b55a)
>                 #11 0x000070bf35369a3c n/a (libc.so.6 + 0x108a3c)
>                 
>                 Stack trace of thread 56259:
>                 #0  0x000070bf352e8ebe n/a (libc.so.6 + 0x87ebe)
>                 #1  0x000070bf352eb750 pthread_cond_wait (libc.so.6 + 0x8a750)
>                 #2  0x00005ed36aba79b9 uv_cond_wait (codium + 0x22919b9)
>                 #3  0x00005ed371e5725e n/a (codium + 0x954125e)
>                 #4  0x000070bf352ec55a n/a (libc.so.6 + 0x8b55a)
>                 #5  0x000070bf35369a3c n/a (libc.so.6 + 0x108a3c)
>                 
>                 Stack trace of thread 56260:
>                 #0  0x000070bf352e8ebe n/a (libc.so.6 + 0x87ebe)
>                 #1  0x000070bf352f4470 n/a (libc.so.6 + 0x93470)
>                 #2  0x00005ed36aba77f0 uv_sem_wait (codium + 0x22917f0)
>                 #3  0x00005ed371ef681d n/a (codium + 0x95e081d)
>                 #4  0x000070bf352ec55a n/a (libc.so.6 + 0x8b55a)
>                 #5  0x000070bf35369a3c n/a (libc.so.6 + 0x108a3c)
>                 
>                 Stack trace of thread 56247:
>                 #0  0x000070bf35352ec7 wait4 (libc.so.6 + 0xf1ec7)
>                 #1  0x00005ed36dfe405a n/a (codium + 0x56ce05a)
>                 #2  0x00005ed36dfe3d90 n/a (codium + 0x56cdd90)
>                 #3  0x00005ed36dfc5455 n/a (codium + 0x56af455)
>                 #4  0x000070bf352ec55a n/a (libc.so.6 + 0x8b55a)
>                 #5  0x000070bf35369a3c n/a (libc.so.6 + 0x108a3c)
>                 
>                 Stack trace of thread 56258:
>                 #0  0x000070bf352e8ebe n/a (libc.so.6 + 0x87ebe)
>                 #1  0x000070bf352eb750 pthread_cond_wait (libc.so.6 + 0x8a750)
>                 #2  0x00005ed36aba79b9 uv_cond_wait (codium + 0x22919b9)
>                 #3  0x00005ed371e5725e n/a (codium + 0x954125e)
>                 #4  0x000070bf352ec55a n/a (libc.so.6 + 0x8b55a)
>                 #5  0x000070bf35369a3c n/a (libc.so.6 + 0x108a3c)
>                 
>                 Stack trace of thread 56275:
>                 #0  0x000070bf3535c0bf __poll (libc.so.6 + 0xfb0bf)
>                 #1  0x00005ed36dfc8091 n/a (codium + 0x56b2091)
>                 #2  0x00005ed36dfc5455 n/a (codium + 0x56af455)
>                 #3  0x000070bf352ec55a n/a (libc.so.6 + 0x8b55a)
>                 #4  0x000070bf35369a3c n/a (libc.so.6 + 0x108a3c)
>                 
>                 Stack trace of thread 56276:
>                 #0  0x000070bf352e8ebe n/a (libc.so.6 + 0x87ebe)
>                 #1  0x000070bf352eb750 pthread_cond_wait (libc.so.6 + 0x8a750)
>                 #2  0x00005ed36dfc4bfa n/a (codium + 0x56aebfa)
>                 #3  0x00005ed36f14a2bd n/a (codium + 0x68342bd)
>                 #4  0x00005ed36dfc5455 n/a (codium + 0x56af455)
>                 #5  0x000070bf352ec55a n/a (libc.so.6 + 0x8b55a)
>                 #6  0x000070bf35369a3c n/a (libc.so.6 + 0x108a3c)
>                 
>                 Stack trace of thread 56278:
>                 #0  0x000070bf352e8ebe n/a (libc.so.6 + 0x87ebe)
>                 #1  0x000070bf352eb750 pthread_cond_wait (libc.so.6 + 0x8a750)
>                 #2  0x00005ed36dfc4bfa n/a (codium + 0x56aebfa)
>                 #3  0x00005ed36dfee8a6 n/a (codium + 0x56d88a6)
>                 #4  0x00005ed36df6fb82 n/a (codium + 0x5659b82)
>                 #5  0x00005ed36df2fc96 n/a (codium + 0x5619c96)
>                 #6  0x00005ed36df91a0c n/a (codium + 0x567ba0c)
>                 #7  0x00005ed36df53a61 n/a (codium + 0x563da61)
>                 #8  0x00005ed36dfb2458 n/a (codium + 0x569c458)
>                 #9  0x00005ed36dfb25f8 n/a (codium + 0x569c5f8)
>                 #10 0x00005ed36dfc5455 n/a (codium + 0x56af455)
>                 #11 0x000070bf352ec55a n/a (libc.so.6 + 0x8b55a)
>                 #12 0x000070bf35369a3c n/a (libc.so.6 + 0x108a3c)
>                 
>                 Stack trace of thread 56262:
>                 #0  0x000070bf3535c0bf __poll (libc.so.6 + 0xfb0bf)
>                 #1  0x000070bf3676c2f6 n/a (libglib-2.0.so.0 + 0xb82f6)
>                 #2  0x000070bf3670c162 g_main_context_iteration (libglib-2.0.so.0 + 0x58162)
>                 #3  0x000070bf3670c1b2 n/a (libglib-2.0.so.0 + 0x581b2)
>                 #4  0x000070bf3673fa45 n/a (libglib-2.0.so.0 + 0x8ba45)
>                 #5  0x000070bf352ec55a n/a (libc.so.6 + 0x8b55a)
>                 #6  0x000070bf35369a3c n/a (libc.so.6 + 0x108a3c)
>                 
>                 Stack trace of thread 56266:
>                 #0  0x000070bf3536788d syscall (libc.so.6 + 0x10688d)
>                 #1  0x000070bf36767337 g_cond_wait (libglib-2.0.so.0 + 0xb3337)
>                 #2  0x000070bf366d91b4 n/a (libglib-2.0.so.0 + 0x251b4)
>                 #3  0x000070bf366d921c g_async_queue_pop (libglib-2.0.so.0 + 0x2521c)
>                 #4  0x000070bf34be9d08 n/a (libpangoft2-1.0.so.0 + 0x8d08)
>                 #5  0x000070bf3673fa45 n/a (libglib-2.0.so.0 + 0x8ba45)
>                 #6  0x000070bf352ec55a n/a (libc.so.6 + 0x8b55a)
>                 #7  0x000070bf35369a3c n/a (libc.so.6 + 0x108a3c)
>                 
>                 Stack trace of thread 56271:
>                 #0  0x000070bf352e8ebe n/a (libc.so.6 + 0x87ebe)
>                 #1  0x000070bf352eba65 pthread_cond_timedwait (libc.so.6 + 0x8aa65)
>                 #2  0x00005ed36dfc4d10 n/a (codium + 0x56aed10)
>                 #3  0x00005ed36dfee8b7 n/a (codium + 0x56d88b7)
>                 #4  0x00005ed36df6fcee n/a (codium + 0x5659cee)
>                 #5  0x00005ed36dfaa4a6 n/a (codium + 0x56944a6)
>                 #6  0x00005ed36dfaaefc n/a (codium + 0x5694efc)
>                 #7  0x00005ed36dfaad5d n/a (codium + 0x5694d5d)
>                 #8  0x00005ed36dfaac70 n/a (codium + 0x5694c70)
>                 #9  0x00005ed36dfc5455 n/a (codium + 0x56af455)
>                 #10 0x000070bf352ec55a n/a (libc.so.6 + 0x8b55a)
>                 #11 0x000070bf35369a3c n/a (libc.so.6 + 0x108a3c)
>                 
>                 Stack trace of thread 56283:
>                 #0  0x000070bf352e8ebe n/a (libc.so.6 + 0x87ebe)
>                 #1  0x000070bf352eb750 pthread_cond_wait (libc.so.6 + 0x8a750)
>                 #2  0x00005ed36aba79b9 uv_cond_wait (codium + 0x22919b9)
>                 #3  0x00005ed36ab987c8 n/a (codium + 0x22827c8)
>                 #4  0x000070bf352ec55a n/a (libc.so.6 + 0x8b55a)
>                 #5  0x000070bf35369a3c n/a (libc.so.6 + 0x108a3c)
>                 
>                 Stack trace of thread 56273:
>                 #0  0x000070bf352e8ebe n/a (libc.so.6 + 0x87ebe)
>                 #1  0x000070bf352eba65 pthread_cond_timedwait (libc.so.6 + 0x8aa65)
>                 #2  0x00005ed36dfc4d10 n/a (codium + 0x56aed10)
>                 #3  0x00005ed36dfee8b7 n/a (codium + 0x56d88b7)
>                 #4  0x00005ed36df6fcee n/a (codium + 0x5659cee)
>                 #5  0x00005ed36dfaa4a6 n/a (codium + 0x56944a6)
>                 #6  0x00005ed36dfab108 n/a (codium + 0x5695108)
>                 #7  0x00005ed36dfaad5d n/a (codium + 0x5694d5d)
>                 #8  0x00005ed36dfaac70 n/a (codium + 0x5694c70)
>                 #9  0x00005ed36dfc5455 n/a (codium + 0x56af455)
>                 #10 0x000070bf352ec55a n/a (libc.so.6 + 0x8b55a)
>                 #11 0x000070bf35369a3c n/a (libc.so.6 + 0x108a3c)
>                 
>                 Stack trace of thread 56264:
>                 #0  0x000070bf3535c0bf __poll (libc.so.6 + 0xfb0bf)
>                 #1  0x000070bf3676c2f6 n/a (libglib-2.0.so.0 + 0xb82f6)
>                 #2  0x000070bf3670eb97 g_main_loop_run (libglib-2.0.so.0 + 0x5ab97)
>                 #3  0x000070bf365ed19c n/a (libgio-2.0.so.0 + 0x11219c)
>                 #4  0x000070bf3673fa45 n/a (libglib-2.0.so.0 + 0x8ba45)
>                 #5  0x000070bf352ec55a n/a (libc.so.6 + 0x8b55a)
>                 #6  0x000070bf35369a3c n/a (libc.so.6 + 0x108a3c)
>                 
>                 Stack trace of thread 56279:
>                 #0  0x000070bf352e8ebe n/a (libc.so.6 + 0x87ebe)
>                 #1  0x000070bf352f4470 n/a (libc.so.6 + 0x93470)
>                 #2  0x00005ed36aba77f0 uv_sem_wait (codium + 0x22917f0)
>                 #3  0x00005ed36ad19299 n/a (codium + 0x2403299)
>                 #4  0x000070bf352ec55a n/a (libc.so.6 + 0x8b55a)
>                 #5  0x000070bf35369a3c n/a (libc.so.6 + 0x108a3c)
>                 
>                 Stack trace of thread 56281:
>                 #0  0x000070bf352e8ebe n/a (libc.so.6 + 0x87ebe)
>                 #1  0x000070bf352eb750 pthread_cond_wait (libc.so.6 + 0x8a750)
>                 #2  0x00005ed36aba79b9 uv_cond_wait (codium + 0x22919b9)
>                 #3  0x00005ed36ab987c8 n/a (codium + 0x22827c8)
>                 #4  0x000070bf352ec55a n/a (libc.so.6 + 0x8b55a)
>                 #5  0x000070bf35369a3c n/a (libc.so.6 + 0x108a3c)
>                 
>                 Stack trace of thread 56284:
>                 #0  0x000070bf352e8ebe n/a (libc.so.6 + 0x87ebe)
>                 #1  0x000070bf352eb750 pthread_cond_wait (libc.so.6 + 0x8a750)
>                 #2  0x00005ed36aba79b9 uv_cond_wait (codium + 0x22919b9)
>                 #3  0x00005ed36ab987c8 n/a (codium + 0x22827c8)
>                 #4  0x000070bf352ec55a n/a (libc.so.6 + 0x8b55a)
>                 #5  0x000070bf35369a3c n/a (libc.so.6 + 0x108a3c)
>                 
>                 Stack trace of thread 56261:
>                 #0  0x000070bf3536788d syscall (libc.so.6 + 0x10688d)
>                 #1  0x000070bf36767337 g_cond_wait (libglib-2.0.so.0 + 0xb3337)
>                 #2  0x000070bf366d91b4 n/a (libglib-2.0.so.0 + 0x251b4)
>                 #3  0x000070bf36741ace n/a (libglib-2.0.so.0 + 0x8dace)
>                 #4  0x000070bf3673fa45 n/a (libglib-2.0.so.0 + 0x8ba45)
>                 #5  0x000070bf352ec55a n/a (libc.so.6 + 0x8b55a)
>                 #6  0x000070bf35369a3c n/a (libc.so.6 + 0x108a3c)
>                 
>                 Stack trace of thread 56263:
>                 #0  0x000070bf3536788d syscall (libc.so.6 + 0x10688d)
>                 #1  0x000070bf36767d13 g_cond_wait_until (libglib-2.0.so.0 + 0xb3d13)
>                 #2  0x000070bf366d9185 n/a (libglib-2.0.so.0 + 0x25185)
>                 #3  0x000070bf3674257b n/a (libglib-2.0.so.0 + 0x8e57b)
>                 #4  0x000070bf3673fa45 n/a (libglib-2.0.so.0 + 0x8ba45)
>                 #5  0x000070bf352ec55a n/a (libc.so.6 + 0x8b55a)
>                 #6  0x000070bf35369a3c n/a (libc.so.6 + 0x108a3c)
>                 
>                 Stack trace of thread 56256:
>                 #0  0x000070bf35369e66 epoll_wait (libc.so.6 + 0x108e66)
>                 #1  0x00005ed36abaa5c5 n/a (codium + 0x22945c5)
>                 #2  0x00005ed36ab9c0a6 uv_run (codium + 0x22860a6)
>                 #3  0x00005ed371e59682 n/a (codium + 0x9543682)
>                 #4  0x000070bf352ec55a n/a (libc.so.6 + 0x8b55a)
>                 #5  0x000070bf35369a3c n/a (libc.so.6 + 0x108a3c)
>                 
>                 Stack trace of thread 56253:
>                 #0  0x000070bf352e8ebe n/a (libc.so.6 + 0x87ebe)
>                 #1  0x000070bf352eb750 pthread_cond_wait (libc.so.6 + 0x8a750)
>                 #2  0x00005ed36dfc4bfa n/a (codium + 0x56aebfa)
>                 #3  0x00005ed36dfee8a6 n/a (codium + 0x56d88a6)
>                 #4  0x00005ed36df6fb82 n/a (codium + 0x5659b82)
>                 #5  0x00005ed36df2fc96 n/a (codium + 0x5619c96)
>                 #6  0x00005ed36df91a0c n/a (codium + 0x567ba0c)
>                 #7  0x00005ed36df53a61 n/a (codium + 0x563da61)
>                 #8  0x00005ed36dfb2458 n/a (codium + 0x569c458)
>                 #9  0x00005ed36dfb25f8 n/a (codium + 0x569c5f8)
>                 #10 0x00005ed36dfc5455 n/a (codium + 0x56af455)
>                 #11 0x000070bf352ec55a n/a (libc.so.6 + 0x8b55a)
>                 #12 0x000070bf35369a3c n/a (libc.so.6 + 0x108a3c)
>                 
>                 Stack trace of thread 56248:
>                 #0  0x000070bf35369e66 epoll_wait (libc.so.6 + 0x108e66)
>                 #1  0x00005ed36e10f944 n/a (codium + 0x57f9944)
>                 #2  0x00005ed36e10d66f n/a (codium + 0x57f766f)
>                 #3  0x00005ed36dfe90c7 n/a (codium + 0x56d30c7)
>                 #4  0x00005ed36df91a0c n/a (codium + 0x567ba0c)
>                 #5  0x00005ed36df53a61 n/a (codium + 0x563da61)
>                 #6  0x00005ed36dfb2458 n/a (codium + 0x569c458)
>                 #7  0x00005ed36df9a94d n/a (codium + 0x568494d)
>                 #8  0x00005ed36dfb25f8 n/a (codium + 0x569c5f8)
>                 #9  0x00005ed36dfc5455 n/a (codium + 0x56af455)
>                 #10 0x000070bf352ec55a n/a (libc.so.6 + 0x8b55a)
>                 #11 0x000070bf35369a3c n/a (libc.so.6 + 0x108a3c)
>                 
>                 Stack trace of thread 56265:
>                 #0  0x000070bf3535c0bf __poll (libc.so.6 + 0xfb0bf)
>                 #1  0x000070bf3676c2f6 n/a (libglib-2.0.so.0 + 0xb82f6)
>                 #2  0x000070bf3670c162 g_main_context_iteration (libglib-2.0.so.0 + 0x58162)
>                 #3  0x000070bf338c8fde n/a (libdconfsettings.so + 0x5fde)
>                 #4  0x000070bf3673fa45 n/a (libglib-2.0.so.0 + 0x8ba45)
>                 #5  0x000070bf352ec55a n/a (libc.so.6 + 0x8b55a)
>                 #6  0x000070bf35369a3c n/a (libc.so.6 + 0x108a3c)
>                 
>                 Stack trace of thread 56267:
>                 #0  0x000070bf35369e66 epoll_wait (libc.so.6 + 0x108e66)
>                 #1  0x00005ed36e10f944 n/a (codium + 0x57f9944)
>                 #2  0x00005ed36e10d66f n/a (codium + 0x57f766f)
>                 #3  0x00005ed36dfe9009 n/a (codium + 0x56d3009)
>                 #4  0x00005ed36df91a0c n/a (codium + 0x567ba0c)
>                 #5  0x00005ed36df53a61 n/a (codium + 0x563da61)
>                 #6  0x00005ed36dfb2458 n/a (codium + 0x569c458)
>                 #7  0x00005ed36dfb25f8 n/a (codium + 0x569c5f8)
>                 #8  0x00005ed36dfc5455 n/a (codium + 0x56af455)
>                 #9  0x000070bf352ec55a n/a (libc.so.6 + 0x8b55a)
>                 #10 0x000070bf35369a3c n/a (libc.so.6 + 0x108a3c)
>                 
>                 Stack trace of thread 56268:
>                 #0  0x000070bf3535c6bc read (libc.so.6 + 0xfb6bc)
>                 #1  0x00005ed36ad3f45e n/a (codium + 0x242945e)
>                 #2  0x00005ed36dfc5455 n/a (codium + 0x56af455)
>                 #3  0x000070bf352ec55a n/a (libc.so.6 + 0x8b55a)
>                 #4  0x000070bf35369a3c n/a (libc.so.6 + 0x108a3c)
>                 
>                 Stack trace of thread 56270:
>                 #0  0x000070bf352e8ebe n/a (libc.so.6 + 0x87ebe)
>                 #1  0x000070bf352eba65 pthread_cond_timedwait (libc.so.6 + 0x8aa65)
>                 #2  0x00005ed36dfc4d10 n/a (codium + 0x56aed10)
>                 #3  0x00005ed36dfee8b7 n/a (codium + 0x56d88b7)
>                 #4  0x00005ed36df6fcee n/a (codium + 0x5659cee)
>                 #5  0x00005ed36dfaa4a6 n/a (codium + 0x56944a6)
>                 #6  0x00005ed36dfab108 n/a (codium + 0x5695108)
>                 #7  0x00005ed36dfaad5d n/a (codium + 0x5694d5d)
>                 #8  0x00005ed36dfaac70 n/a (codium + 0x5694c70)
>                 #9  0x00005ed36dfc5455 n/a (codium + 0x56af455)
>                 #10 0x000070bf352ec55a n/a (libc.so.6 + 0x8b55a)
>                 #11 0x000070bf35369a3c n/a (libc.so.6 + 0x108a3c)
>                 
>                 Stack trace of thread 56282:
>                 #0  0x000070bf352e8ebe n/a (libc.so.6 + 0x87ebe)
>                 #1  0x000070bf352eb750 pthread_cond_wait (libc.so.6 + 0x8a750)
>                 #2  0x00005ed36aba79b9 uv_cond_wait (codium + 0x22919b9)
>                 #3  0x00005ed36ab987c8 n/a (codium + 0x22827c8)
>                 #4  0x000070bf352ec55a n/a (libc.so.6 + 0x8b55a)
>                 #5  0x000070bf35369a3c n/a (libc.so.6 + 0x108a3c)
>                 
>                 Stack trace of thread 56306:
>                 #0  0x000070bf352e8ebe n/a (libc.so.6 + 0x87ebe)
>                 #1  0x000070bf352eba65 pthread_cond_timedwait (libc.so.6 + 0x8aa65)
>                 #2  0x00005ed36dfc4d10 n/a (codium + 0x56aed10)
>                 #3  0x00005ed36dfee8b7 n/a (codium + 0x56d88b7)
>                 #4  0x00005ed36df6fcee n/a (codium + 0x5659cee)
>                 #5  0x00005ed36dfaa4a6 n/a (codium + 0x56944a6)
>                 #6  0x00005ed36dfab108 n/a (codium + 0x5695108)
>                 #7  0x00005ed36dfaad8d n/a (codium + 0x5694d8d)
>                 #8  0x00005ed36dfaac7a n/a (codium + 0x5694c7a)
>                 #9  0x00005ed36dfc5455 n/a (codium + 0x56af455)
>                 #10 0x000070bf352ec55a n/a (libc.so.6 + 0x8b55a)
>                 #11 0x000070bf35369a3c n/a (libc.so.6 + 0x108a3c)
>                 
>                 Stack trace of thread 56330:
>                 #0  0x000070bf353672fc __select (libc.so.6 + 0x1062fc)
>                 #1  0x000070bf303b7ed0 _ZN15vscode_keyboard15ListenToXEventsEPv (keymapping.node + 0x6ed0)
>                 #2  0x000070bf352ec55a n/a (libc.so.6 + 0x8b55a)
>                 #3  0x000070bf35369a3c n/a (libc.so.6 + 0x108a3c)
>                 ELF object binary architecture: AMD x86-64
> ```
> 
> ## Very basic analysis with gdb
> 
> I can't get debug symbols to work and don't have any experience with debugging x86 systems and non C code...
> 
> ```txt
> (gdb) bt
> #0  0x00006093d4076fea in ?? ()
> #1  0x3f19999a00000000 in ?? ()
> #2  0x3d75c28f3e19999a in ?? ()
> #3  0x3ea872b03ea01a37 in ?? ()
> #4  0x3f800000434b0000 in ?? ()
> #5  0x0000000800000018 in ?? ()
> #6  0x00007ffc519b7074 in ?? ()
> #7  0x0000000000000000 in ?? ()
> (gdb) info registers
> rax            0x1010101           16843009
> rbx            0x7ffc519b7098      140721677627544
> rcx            0x7ffc519b7098      140721677627544
> rdx            0x1                 1
> rsi            0x293c00ec3800      45337690257408
> rdi            0x293c00ec4980      45337690261888
> rbp            0x7ffc519b7080      0x7ffc519b7080
> rsp            0x7ffc519b6fc0      0x7ffc519b6fc0
> r8             0x1                 1
> r9             0x0                 0
> r10            0x0                 0
> r11            0x0                 0
> r12            0x1010101           16843009
> r13            0x293c00ec4980      45337690261888
> r14            0x293c00ec3800      45337690257408
> r15            0x7ffc519b7110      140721677627664
> rip            0x6093d4076fea      0x6093d4076fea
> eflags         0x10202             [ IF RF ]
> cs             0x33                51
> ss             0x2b                43
> ds             0x0                 0
> es             0x0                 0
> fs             0x0                 0
> gs             0x0                 0
> fs_base        0x7c0fc4088f40      136407155248960
> gs_base        0x0                 0
> (gdb) x/10i $pc
> => 0x6093d4076fea:      mov    0x28(%rax),%rax
>    0x6093d4076fee:      test   %rax,%rax
>    0x6093d4076ff1:      jne    0x6093d4076fe7
>    0x6093d4076ff3:      mov    0x108(%r14),%rax
>    0x6093d4076ffa:      test   %rax,%rax
>    0x6093d4076ffd:      cmove  %r14,%rax
>    0x6093d4077001:      mov    %rax,%rcx
>    0x6093d4077004:      mov    0x28(%rax),%rax
>    0x6093d4077008:      test   %rax,%rax
>    0x6093d407700b:      jne    0x6093d4077001
> ```


Not my issue, code was completly closed in testing here.
This bug persists for me in codium

**Comment by plastik-flasche** [comment]
I was replying to another user who claimed that it now works when opening the first window in X and the second in wayland and then closing the first one, see quoted text at the beginning!

It crashes for me when I start codium with the params above (with no other codium window open)!

And BTW, Wayland woks with codium-electron

**Comment by pojntfx** [comment]
Just tested this on Fedora 40, GNOME 46, Wayland with flags `--enable-features=UseOzonePlatform --ozone-platform=wayland --enable-wayland-ime --enable-features=WaylandWindowDecorations` - works perfectly!
